<?xml version="1.0" encoding="UTF-8"?>
<testsuite xmlns:xsi="http://www.w3.org/2001/XMLSchema-instance" xsi:noNamespaceSchemaLocation="https://maven.apache.org/surefire/maven-surefire-plugin/xsd/surefire-test-report.xsd" name="com.viewnext.practica4.contrellers.DirectorControllerTest" time="0.075" tests="12" errors="0" skipped="0" failures="0">
  <properties>
[...]
</properties>
  <testcase name="testEncontrarDirectoresPaginadoYOrdenado_KO" classname="com.viewnext.practica4.contrellers.DirectorControllerTest$PaginaryOrdenarTests" time="0.036"/>
  <testcase name="testEncontrarDirectoresPaginadoYOrdenado_OK" classname="com.viewnext.practica4.contrellers.DirectorControllerTest$PaginaryOrdenarTests" time="0.001"/>
  <testcase name="testEliminarDirector_KO" classname="com.viewnext.practica4.contrellers.DirectorControllerTest$EliminarDirectorTests" time="0.003"/>
  <testcase name="testEliminarDirector_OK" classname="com.viewnext.practica4.contrellers.DirectorControllerTest$EliminarDirectorTests" time="0.002"/>
  <testcase name="testActualizarDirector_KO" classname="com.viewnext.practica4.contrellers.DirectorControllerTest$ActualizarDirectorTests" time="0.004"/>
  <testcase name="testActualizarDirector_OK" classname="com.viewnext.practica4.contrellers.DirectorControllerTest$ActualizarDirectorTests" time="0.003"/>
  <testcase name="testInsertarDirector_KO" classname="com.viewnext.practica4.contrellers.DirectorControllerTest$InsertarDirectorTests" time="0.004"/>
  <testcase name="testInsertarDirector_OK" classname="com.viewnext.practica4.contrellers.DirectorControllerTest$InsertarDirectorTests" time="0.003"/>
  <testcase name="testObtenerDirectorPorId_KO" classname="com.viewnext.practica4.contrellers.DirectorControllerTest$ObtenerDirectorPorIdTests" time="0.003"/>
  <testcase name="testObtenerDirectorPorId_OK" classname="com.viewnext.practica4.contrellers.DirectorControllerTest$ObtenerDirectorPorIdTests" time="0.002"/>
  <testcase name="testListarDirectores_KO" classname="com.viewnext.practica4.contrellers.DirectorControllerTest$ListarDirectoresTests" time="0.001"/>
  <testcase name="testListarDirectores_OK" classname="com.viewnext.practica4.contrellers.DirectorControllerTest$ListarDirectoresTests" time="0.001"/>
</testsuite>