<?xml version="1.0" encoding="UTF-8"?>
<testsuite xmlns:xsi="http://www.w3.org/2001/XMLSchema-instance" xsi:noNamespaceSchemaLocation="https://maven.apache.org/surefire/maven-surefire-plugin/xsd/surefire-test-report.xsd" version="3.0.2" name="com.example.practica52.job.DistritoJobTest" time="31.594" tests="1" errors="0" skipped="0" failures="0">
  <properties>
[...]
</properties>
  <testcase name="ExportarTodoACsvTest_ExportarACsvJob_shouldBeCompleted" classname="com.example.practica52.job.DistritoJobTest" time="31.583">
    <system-out><![CDATA[2025-03-31T11:23:11.437+02:00  INFO 14912 --- [practica52] [           main] t.c.s.AnnotationConfigContextLoaderUtils : Could not detect default configuration classes for test class [com.example.practica52.job.DistritoJobTest]: DistritoJobTest does not declare any static, non-private, non-final, nested classes annotated with @Configuration.
2025-03-31T11:23:11.440+02:00  INFO 14912 --- [practica52] [           main] .b.t.c.SpringBootTestContextBootstrapper : Found @SpringBootConfiguration com.example.practica52.Practica52Application for test class com.example.practica52.job.DistritoJobTest
2025-03-31T11:23:11.453+02:00  INFO 14912 --- [practica52] [           main] o.s.b.c.l.s.TaskExecutorJobLauncher      : Job: [SimpleJob: [name=exportarTodoACsvJob]] launched with the following parameters: [{'hora: ':'{value=40991448542100, type=class java.lang.Long, identifying=true}'}]
2025-03-31T11:23:11.499+02:00  INFO 14912 --- [practica52] [           main] o.s.batch.core.job.SimpleStepHandler     : Executing step: [calleStep]
Linea mal escrita
2025-03-31T11:23:11.851+02:00  WARN 14912 --- [practica52] [           main] c.e.p.listener.SkipListenerConfig        : Error de lectura  en Parsing error at line: 844 in resource=[file [C:\Users\6003351\Desktop\BackUps\practicas-p5Gonzalo\src\main\resources\tramos_calle_BarrioDismuni.csv]], input=[5428,PL,"ANTONIO ASENSI ""EL CHICUELO"",1,3,""EL PALO ",2,ESTE,,,]
2025-03-31T11:23:11.851+02:00  WARN 14912 --- [practica52] [           main] c.e.p.listener.SkipListenerConfig        : Error de lectura  en Parsing error at line: 845 in resource=[file [C:\Users\6003351\Desktop\BackUps\practicas-p5Gonzalo\src\main\resources\tramos_calle_BarrioDismuni.csv]], input=[5428,PL,"ANTONIO ASENSI ""EL CHICUELO"",2,2,""EL PALO ",2,ESTE,,,]
2025-03-31T11:23:13.233+02:00  WARN 14912 --- [practica52] [           main] c.e.p.listener.SkipListenerConfig        : Error de lectura  en Parsing error at line: 4366 in resource=[file [C:\Users\6003351\Desktop\BackUps\practicas-p5Gonzalo\src\main\resources\tramos_calle_BarrioDismuni.csv]], input=[21683,CL,"ENRIQUETA ""LA REPOMPA"",1,95,""EL CUARTON",8,CHURRIANA ,,,]
2025-03-31T11:23:13.233+02:00  WARN 14912 --- [practica52] [           main] c.e.p.listener.SkipListenerConfig        : Error de lectura  en Parsing error at line: 4367 in resource=[file [C:\Users\6003351\Desktop\BackUps\practicas-p5Gonzalo\src\main\resources\tramos_calle_BarrioDismuni.csv]], input=[21683,CL,"ENRIQUETA ""LA REPOMPA"",2,106,""EL CUARTON",8,CHURRIANA ,,,]
2025-03-31T11:23:13.941+02:00  WARN 14912 --- [practica52] [           main] c.e.p.listener.SkipListenerConfig        : Error de lectura  en Parsing error at line: 6870 in resource=[file [C:\Users\6003351\Desktop\BackUps\practicas-p5Gonzalo\src\main\resources\tramos_calle_BarrioDismuni.csv]], input=[37774,PL,"JUAN GOMEZ ""JUANITO"",1,9,""EL HIGUERAL ",7,CARRETERA DE CADIZ,,,]
2025-03-31T11:23:13.942+02:00  WARN 14912 --- [practica52] [           main] c.e.p.listener.SkipListenerConfig        : Error de lectura  en Parsing error at line: 6871 in resource=[file [C:\Users\6003351\Desktop\BackUps\practicas-p5Gonzalo\src\main\resources\tramos_calle_BarrioDismuni.csv]], input=[37774,PL,"JUAN GOMEZ ""JUANITO"",2,10,""EL HIGUERAL ",7,CARRETERA DE CADIZ,,,]
2025-03-31T11:23:13.961+02:00  WARN 14912 --- [practica52] [           main] c.e.p.listener.SkipListenerConfig        : Error de lectura  en Parsing error at line: 6932 in resource=[file [C:\Users\6003351\Desktop\BackUps\practicas-p5Gonzalo\src\main\resources\tramos_calle_BarrioDismuni.csv]], input=[11985,PQUE,"JUAN ROSA ""EL PULGA"",1,1,""CIUDAD JARD?N ",3,CIUDAD JARDIN ,,,]
2025-03-31T11:23:13.962+02:00  WARN 14912 --- [practica52] [           main] c.e.p.listener.SkipListenerConfig        : Error de lectura  en Parsing error at line: 6933 in resource=[file [C:\Users\6003351\Desktop\BackUps\practicas-p5Gonzalo\src\main\resources\tramos_calle_BarrioDismuni.csv]], input=[11985,PQUE,"JUAN ROSA ""EL PULGA"",2,2,""CIUDAD JARD?N ",3,CIUDAD JARDIN ,,,]
2025-03-31T11:23:14.182+02:00  WARN 14912 --- [practica52] [           main] c.e.p.listener.SkipListenerConfig        : Error de lectura  en Parsing error at line: 7583 in resource=[file [C:\Users\6003351\Desktop\BackUps\practicas-p5Gonzalo\src\main\resources\tramos_calle_BarrioDismuni.csv]], input=[39700,CL,"LEOPOLDO ALAS ""CLARIN"",1,9,""JARDIN DE LA ABADIA ",7,CARRETERA DE CADIZ,,,]
2025-03-31T11:23:14.183+02:00  WARN 14912 --- [practica52] [           main] c.e.p.listener.SkipListenerConfig        : Error de lectura  en Parsing error at line: 7584 in resource=[file [C:\Users\6003351\Desktop\BackUps\practicas-p5Gonzalo\src\main\resources\tramos_calle_BarrioDismuni.csv]], input=[39700,CL,"LEOPOLDO ALAS ""CLARIN"",2,10,""JARDIN DE LA ABADIA ",7,CARRETERA DE CADIZ,,,]
2025-03-31T11:23:15.050+02:00  WARN 14912 --- [practica52] [           main] c.e.p.listener.SkipListenerConfig        : Error de lectura  en Parsing error at line: 10916 in resource=[file [C:\Users\6003351\Desktop\BackUps\practicas-p5Gonzalo\src\main\resources\tramos_calle_BarrioDismuni.csv]], input=[21699,CL,"RAFAEL ""EL MORENO"",1,107,""EL CUARTON",8,CHURRIANA ,,,]
2025-03-31T11:23:15.050+02:00  WARN 14912 --- [practica52] [           main] c.e.p.listener.SkipListenerConfig        : Error de lectura  en Parsing error at line: 10917 in resource=[file [C:\Users\6003351\Desktop\BackUps\practicas-p5Gonzalo\src\main\resources\tramos_calle_BarrioDismuni.csv]], input=[21699,CL,"RAFAEL ""EL MORENO"",2,44,""EL CUARTON",8,CHURRIANA ,,,]
2025-03-31T11:23:15.587+02:00  INFO 14912 --- [practica52] [           main] o.s.batch.core.step.AbstractStep         : Step: [calleStep] executed in 4s87ms
2025-03-31T11:23:15.596+02:00  INFO 14912 --- [practica52] [           main] o.s.batch.core.job.SimpleStepHandler     : Executing step: [distritoStep1]
Linea mal escrita
2025-03-31T11:23:40.617+02:00  INFO 14912 --- [practica52] [           main] o.s.batch.core.step.AbstractStep         : Step: [distritoStep1] executed in 25s20ms
2025-03-31T11:23:40.621+02:00  INFO 14912 --- [practica52] [           main] o.s.batch.core.job.SimpleStepHandler     : Executing step: [exportaTodoACsvStep]
Linea mal escrita
2025-03-31T11:23:40.811+02:00  WARN 14912 --- [practica52] [           main] c.e.p.listener.SkipListenerConfig        : Error de lectura  en Parsing error at line: 844 in resource=[file [C:\Users\6003351\Desktop\BackUps\practicas-p5Gonzalo\src\main\resources\tramos_calle_BarrioDismuni.csv]], input=[5428,PL,"ANTONIO ASENSI ""EL CHICUELO"",1,3,""EL PALO ",2,ESTE,,,]
2025-03-31T11:23:40.812+02:00  WARN 14912 --- [practica52] [           main] c.e.p.listener.SkipListenerConfig        : Error de lectura  en Parsing error at line: 845 in resource=[file [C:\Users\6003351\Desktop\BackUps\practicas-p5Gonzalo\src\main\resources\tramos_calle_BarrioDismuni.csv]], input=[5428,PL,"ANTONIO ASENSI ""EL CHICUELO"",2,2,""EL PALO ",2,ESTE,,,]
2025-03-31T11:23:41.478+02:00  WARN 14912 --- [practica52] [           main] c.e.p.listener.SkipListenerConfig        : Error de lectura  en Parsing error at line: 4366 in resource=[file [C:\Users\6003351\Desktop\BackUps\practicas-p5Gonzalo\src\main\resources\tramos_calle_BarrioDismuni.csv]], input=[21683,CL,"ENRIQUETA ""LA REPOMPA"",1,95,""EL CUARTON",8,CHURRIANA ,,,]
2025-03-31T11:23:41.478+02:00  WARN 14912 --- [practica52] [           main] c.e.p.listener.SkipListenerConfig        : Error de lectura  en Parsing error at line: 4367 in resource=[file [C:\Users\6003351\Desktop\BackUps\practicas-p5Gonzalo\src\main\resources\tramos_calle_BarrioDismuni.csv]], input=[21683,CL,"ENRIQUETA ""LA REPOMPA"",2,106,""EL CUARTON",8,CHURRIANA ,,,]
2025-03-31T11:23:41.717+02:00  WARN 14912 --- [practica52] [           main] c.e.p.listener.SkipListenerConfig        : Error de lectura  en Parsing error at line: 6870 in resource=[file [C:\Users\6003351\Desktop\BackUps\practicas-p5Gonzalo\src\main\resources\tramos_calle_BarrioDismuni.csv]], input=[37774,PL,"JUAN GOMEZ ""JUANITO"",1,9,""EL HIGUERAL ",7,CARRETERA DE CADIZ,,,]
2025-03-31T11:23:41.717+02:00  WARN 14912 --- [practica52] [           main] c.e.p.listener.SkipListenerConfig        : Error de lectura  en Parsing error at line: 6871 in resource=[file [C:\Users\6003351\Desktop\BackUps\practicas-p5Gonzalo\src\main\resources\tramos_calle_BarrioDismuni.csv]], input=[37774,PL,"JUAN GOMEZ ""JUANITO"",2,10,""EL HIGUERAL ",7,CARRETERA DE CADIZ,,,]
2025-03-31T11:23:41.725+02:00  WARN 14912 --- [practica52] [           main] c.e.p.listener.SkipListenerConfig        : Error de lectura  en Parsing error at line: 6932 in resource=[file [C:\Users\6003351\Desktop\BackUps\practicas-p5Gonzalo\src\main\resources\tramos_calle_BarrioDismuni.csv]], input=[11985,PQUE,"JUAN ROSA ""EL PULGA"",1,1,""CIUDAD JARD?N ",3,CIUDAD JARDIN ,,,]
2025-03-31T11:23:41.729+02:00  WARN 14912 --- [practica52] [           main] c.e.p.listener.SkipListenerConfig        : Error de lectura  en Parsing error at line: 6933 in resource=[file [C:\Users\6003351\Desktop\BackUps\practicas-p5Gonzalo\src\main\resources\tramos_calle_BarrioDismuni.csv]], input=[11985,PQUE,"JUAN ROSA ""EL PULGA"",2,2,""CIUDAD JARD?N ",3,CIUDAD JARDIN ,,,]
2025-03-31T11:23:41.787+02:00  WARN 14912 --- [practica52] [           main] c.e.p.listener.SkipListenerConfig        : Error de lectura  en Parsing error at line: 7583 in resource=[file [C:\Users\6003351\Desktop\BackUps\practicas-p5Gonzalo\src\main\resources\tramos_calle_BarrioDismuni.csv]], input=[39700,CL,"LEOPOLDO ALAS ""CLARIN"",1,9,""JARDIN DE LA ABADIA ",7,CARRETERA DE CADIZ,,,]
2025-03-31T11:23:41.787+02:00  WARN 14912 --- [practica52] [           main] c.e.p.listener.SkipListenerConfig        : Error de lectura  en Parsing error at line: 7584 in resource=[file [C:\Users\6003351\Desktop\BackUps\practicas-p5Gonzalo\src\main\resources\tramos_calle_BarrioDismuni.csv]], input=[39700,CL,"LEOPOLDO ALAS ""CLARIN"",2,10,""JARDIN DE LA ABADIA ",7,CARRETERA DE CADIZ,,,]
2025-03-31T11:23:42.621+02:00  WARN 14912 --- [practica52] [           main] c.e.p.listener.SkipListenerConfig        : Error de lectura  en Parsing error at line: 10916 in resource=[file [C:\Users\6003351\Desktop\BackUps\practicas-p5Gonzalo\src\main\resources\tramos_calle_BarrioDismuni.csv]], input=[21699,CL,"RAFAEL ""EL MORENO"",1,107,""EL CUARTON",8,CHURRIANA ,,,]
2025-03-31T11:23:42.622+02:00  WARN 14912 --- [practica52] [           main] c.e.p.listener.SkipListenerConfig        : Error de lectura  en Parsing error at line: 10917 in resource=[file [C:\Users\6003351\Desktop\BackUps\practicas-p5Gonzalo\src\main\resources\tramos_calle_BarrioDismuni.csv]], input=[21699,CL,"RAFAEL ""EL MORENO"",2,44,""EL CUARTON",8,CHURRIANA ,,,]
2025-03-31T11:23:42.888+02:00  INFO 14912 --- [practica52] [           main] o.s.batch.core.step.AbstractStep         : Step: [exportaTodoACsvStep] executed in 2s267ms
2025-03-31T11:23:42.931+02:00  INFO 14912 --- [practica52] [           main] o.s.batch.core.job.SimpleStepHandler     : Executing step: [exportarTodosDistritosACsvStep]
2025-03-31T11:23:43.008+02:00  INFO 14912 --- [practica52] [           main] c.e.p.c.processor.DistritoACsvProcessor  : procesando datos de distritos...
2025-03-31T11:23:43.008+02:00  INFO 14912 --- [practica52] [           main] c.e.p.c.processor.DistritoACsvProcessor  : procesando datos de distritos...
2025-03-31T11:23:43.008+02:00  INFO 14912 --- [practica52] [           main] c.e.p.c.processor.DistritoACsvProcessor  : procesando datos de distritos...
2025-03-31T11:23:43.009+02:00  INFO 14912 --- [practica52] [           main] c.e.p.c.processor.DistritoACsvProcessor  : procesando datos de distritos...
2025-03-31T11:23:43.009+02:00  INFO 14912 --- [practica52] [           main] c.e.p.c.processor.DistritoACsvProcessor  : procesando datos de distritos...
2025-03-31T11:23:43.009+02:00  INFO 14912 --- [practica52] [           main] c.e.p.c.processor.DistritoACsvProcessor  : procesando datos de distritos...
2025-03-31T11:23:43.009+02:00  INFO 14912 --- [practica52] [           main] c.e.p.c.processor.DistritoACsvProcessor  : procesando datos de distritos...
2025-03-31T11:23:43.009+02:00  INFO 14912 --- [practica52] [           main] c.e.p.c.processor.DistritoACsvProcessor  : procesando datos de distritos...
2025-03-31T11:23:43.011+02:00  INFO 14912 --- [practica52] [           main] c.e.p.c.processor.DistritoACsvProcessor  : procesando datos de distritos...
2025-03-31T11:23:43.012+02:00  INFO 14912 --- [practica52] [           main] c.e.p.c.processor.DistritoACsvProcessor  : procesando datos de distritos...
2025-03-31T11:23:43.012+02:00  INFO 14912 --- [practica52] [           main] c.e.p.c.processor.DistritoACsvProcessor  : procesando datos de distritos...
2025-03-31T11:23:43.014+02:00  INFO 14912 --- [practica52] [           main] o.s.batch.core.step.AbstractStep         : Step: [exportarTodosDistritosACsvStep] executed in 81ms
2025-03-31T11:23:43.020+02:00  INFO 14912 --- [practica52] [           main] o.s.b.c.l.s.TaskExecutorJobLauncher      : Job: [SimpleJob: [name=exportarTodoACsvJob]] completed with the following parameters: [{'hora: ':'{value=40991448542100, type=class java.lang.Long, identifying=true}'}] and the following status: [COMPLETED] in 31s564ms
]]></system-out>
  </testcase>
</testsuite>