<?xml version="1.0" encoding="UTF-8"?>
<testsuite xmlns:xsi="http://www.w3.org/2001/XMLSchema-instance" xsi:noNamespaceSchemaLocation="https://maven.apache.org/surefire/maven-surefire-plugin/xsd/surefire-test-report.xsd" version="3.0.2" name="com.example.practica52.job.MillonCalleJobTest" time="33.398" tests="1" errors="0" skipped="0" failures="0">
  <properties>
[...]
</properties>
  <testcase name="millonCalleJobTest_shouldBeCompleted" classname="com.example.practica52.job.MillonCalleJobTest" time="33.346">
    <system-out><![CDATA[2025-03-31T11:23:43.032+02:00  INFO 14912 --- [practica52] [           main] t.c.s.AnnotationConfigContextLoaderUtils : Could not detect default configuration classes for test class [com.example.practica52.job.MillonCalleJobTest]: MillonCalleJobTest does not declare any static, non-private, non-final, nested classes annotated with @Configuration.
2025-03-31T11:23:43.078+02:00  INFO 14912 --- [practica52] [           main] .b.t.c.SpringBootTestContextBootstrapper : Found @SpringBootConfiguration com.example.practica52.Practica52Application for test class com.example.practica52.job.MillonCalleJobTest
2025-03-31T11:23:43.103+02:00  INFO 14912 --- [practica52] [           main] o.s.b.c.l.s.TaskExecutorJobLauncher      : Job: [SimpleJob: [name=copiarMillonCalleJob]] launched with the following parameters: [{'hora: ':'{value=41023092982700, type=class java.lang.Long, identifying=true}'}]
2025-03-31T11:23:43.110+02:00  INFO 14912 --- [practica52] [           main] o.s.batch.core.job.SimpleStepHandler     : Executing step: [calleStep]
2025-03-31T11:23:43.112+02:00  WARN 14912 --- [practica52] [           main] c.e.p.config.reader.MillonCalleReader    : Linea mal escrita
2025-03-31T11:23:43.113+02:00  WARN 14912 --- [practica52] [           main] o.s.batch.core.step.item.ChunkMonitor    : No ItemReader set (must be concurrent step), so ignoring offset data.
2025-03-31T11:23:43.194+02:00  WARN 14912 --- [practica52] [ taskExecutor-2] o.s.batch.core.step.item.ChunkMonitor    : ItemStream was opened in a different thread.  Restart data could be compromised.
2025-03-31T11:23:43.199+02:00  WARN 14912 --- [practica52] [ taskExecutor-4] o.s.batch.core.step.item.ChunkMonitor    : ItemStream was opened in a different thread.  Restart data could be compromised.
2025-03-31T11:23:43.206+02:00  WARN 14912 --- [practica52] [ taskExecutor-1] o.s.batch.core.step.item.ChunkMonitor    : ItemStream was opened in a different thread.  Restart data could be compromised.
2025-03-31T11:23:43.209+02:00  WARN 14912 --- [practica52] [ taskExecutor-3] o.s.batch.core.step.item.ChunkMonitor    : ItemStream was opened in a different thread.  Restart data could be compromised.
2025-03-31T11:23:43.413+02:00  WARN 14912 --- [practica52] [ taskExecutor-4] c.e.p.listener.SkipListenerConfig        : Error de lectura  en Parsing error at line: 844 in resource=[file [C:\Users\6003351\Desktop\BackUps\practicas-p5Gonzalo\src\main\resources\tramos_calle_BarrioDismuniOneMillion.csv]], input=[5428,PL,"ANTONIO ASENSI ""EL CHICUELO"",1,3,""EL PALO ",2,ESTE,,,]
2025-03-31T11:23:43.414+02:00  WARN 14912 --- [practica52] [ taskExecutor-4] c.e.p.listener.SkipListenerConfig        : Error de lectura  en Parsing error at line: 845 in resource=[file [C:\Users\6003351\Desktop\BackUps\practicas-p5Gonzalo\src\main\resources\tramos_calle_BarrioDismuniOneMillion.csv]], input=[5428,PL,"ANTONIO ASENSI ""EL CHICUELO"",2,2,""EL PALO ",2,ESTE,,,]
2025-03-31T11:23:43.860+02:00  WARN 14912 --- [practica52] [ taskExecutor-5] o.s.batch.core.step.item.ChunkMonitor    : ItemStream was opened in a different thread.  Restart data could be compromised.
2025-03-31T11:23:44.201+02:00  WARN 14912 --- [practica52] [ taskExecutor-1] c.e.p.listener.SkipListenerConfig        : Error de lectura  en Parsing error at line: 4464 in resource=[file [C:\Users\6003351\Desktop\BackUps\practicas-p5Gonzalo\src\main\resources\tramos_calle_BarrioDismuniOneMillion.csv]], input=[21683,CL,"ENRIQUETA ""LA REPOMPA"",2,106,""EL CUARTON",8,CHURRIANA ,,,]
2025-03-31T11:23:44.217+02:00  WARN 14912 --- [practica52] [ taskExecutor-2] c.e.p.listener.SkipListenerConfig        : Error de lectura  en Parsing error at line: 4368 in resource=[file [C:\Users\6003351\Desktop\BackUps\practicas-p5Gonzalo\src\main\resources\tramos_calle_BarrioDismuniOneMillion.csv]], input=[21683,CL,"ENRIQUETA ""LA REPOMPA"",1,95,""EL CUARTON",8,CHURRIANA ,,,]
2025-03-31T11:23:44.671+02:00  WARN 14912 --- [practica52] [ taskExecutor-5] c.e.p.listener.SkipListenerConfig        : Error de lectura  en Parsing error at line: 6872 in resource=[file [C:\Users\6003351\Desktop\BackUps\practicas-p5Gonzalo\src\main\resources\tramos_calle_BarrioDismuniOneMillion.csv]], input=[37774,PL,"JUAN GOMEZ ""JUANITO"",2,10,""EL HIGUERAL ",7,CARRETERA DE CADIZ,,,]
2025-03-31T11:23:44.672+02:00  WARN 14912 --- [practica52] [ taskExecutor-5] c.e.p.listener.SkipListenerConfig        : Error de lectura  en Parsing error at line: 6935 in resource=[file [C:\Users\6003351\Desktop\BackUps\practicas-p5Gonzalo\src\main\resources\tramos_calle_BarrioDismuniOneMillion.csv]], input=[11985,PQUE,"JUAN ROSA ""EL PULGA"",2,2,""CIUDAD JARD?N ",3,CIUDAD JARDIN ,,,]
2025-03-31T11:23:44.681+02:00  WARN 14912 --- [practica52] [ taskExecutor-3] c.e.p.listener.SkipListenerConfig        : Error de lectura  en Parsing error at line: 6942 in resource=[file [C:\Users\6003351\Desktop\BackUps\practicas-p5Gonzalo\src\main\resources\tramos_calle_BarrioDismuniOneMillion.csv]], input=[11985,PQUE,"JUAN ROSA ""EL PULGA"",1,1,""CIUDAD JARD?N ",3,CIUDAD JARDIN ,,,]
2025-03-31T11:23:44.682+02:00  WARN 14912 --- [practica52] [ taskExecutor-2] c.e.p.listener.SkipListenerConfig        : Error de lectura  en Parsing error at line: 6872 in resource=[file [C:\Users\6003351\Desktop\BackUps\practicas-p5Gonzalo\src\main\resources\tramos_calle_BarrioDismuniOneMillion.csv]], input=[37774,PL,"JUAN GOMEZ ""JUANITO"",1,9,""EL HIGUERAL ",7,CARRETERA DE CADIZ,,,]
2025-03-31T11:23:44.767+02:00  WARN 14912 --- [practica52] [ taskExecutor-1] c.e.p.listener.SkipListenerConfig        : Error de lectura  en Parsing error at line: 7583 in resource=[file [C:\Users\6003351\Desktop\BackUps\practicas-p5Gonzalo\src\main\resources\tramos_calle_BarrioDismuniOneMillion.csv]], input=[39700,CL,"LEOPOLDO ALAS ""CLARIN"",1,9,""JARDIN DE LA ABADIA ",7,CARRETERA DE CADIZ,,,]
2025-03-31T11:23:44.767+02:00  WARN 14912 --- [practica52] [ taskExecutor-1] c.e.p.listener.SkipListenerConfig        : Error de lectura  en Parsing error at line: 7584 in resource=[file [C:\Users\6003351\Desktop\BackUps\practicas-p5Gonzalo\src\main\resources\tramos_calle_BarrioDismuniOneMillion.csv]], input=[39700,CL,"LEOPOLDO ALAS ""CLARIN"",2,10,""JARDIN DE LA ABADIA ",7,CARRETERA DE CADIZ,,,]
2025-03-31T11:23:45.305+02:00  WARN 14912 --- [practica52] [ taskExecutor-4] c.e.p.listener.SkipListenerConfig        : Error de lectura  en Parsing error at line: 10917 in resource=[file [C:\Users\6003351\Desktop\BackUps\practicas-p5Gonzalo\src\main\resources\tramos_calle_BarrioDismuniOneMillion.csv]], input=[21699,CL,"RAFAEL ""EL MORENO"",2,44,""EL CUARTON",8,CHURRIANA ,,,]
2025-03-31T11:23:45.324+02:00  WARN 14912 --- [practica52] [ taskExecutor-2] c.e.p.listener.SkipListenerConfig        : Error de lectura  en Parsing error at line: 10917 in resource=[file [C:\Users\6003351\Desktop\BackUps\practicas-p5Gonzalo\src\main\resources\tramos_calle_BarrioDismuniOneMillion.csv]], input=[21699,CL,"RAFAEL ""EL MORENO"",1,107,""EL CUARTON",8,CHURRIANA ,,,]
2025-03-31T11:23:45.781+02:00  WARN 14912 --- [practica52] [ taskExecutor-2] c.e.p.listener.SkipListenerConfig        : Error de lectura  en Parsing error at line: 14276 in resource=[file [C:\Users\6003351\Desktop\BackUps\practicas-p5Gonzalo\src\main\resources\tramos_calle_BarrioDismuniOneMillion.csv]], input=[5428,PL,"ANTONIO ASENSI ""EL CHICUELO"",1,3,""EL PALO ",2,ESTE,,,]
2025-03-31T11:23:45.782+02:00  WARN 14912 --- [practica52] [ taskExecutor-2] c.e.p.listener.SkipListenerConfig        : Error de lectura  en Parsing error at line: 14277 in resource=[file [C:\Users\6003351\Desktop\BackUps\practicas-p5Gonzalo\src\main\resources\tramos_calle_BarrioDismuniOneMillion.csv]], input=[5428,PL,"ANTONIO ASENSI ""EL CHICUELO"",2,2,""EL PALO ",2,ESTE,,,]
2025-03-31T11:23:46.239+02:00  WARN 14912 --- [practica52] [ taskExecutor-5] c.e.p.listener.SkipListenerConfig        : Error de lectura  en Parsing error at line: 17799 in resource=[file [C:\Users\6003351\Desktop\BackUps\practicas-p5Gonzalo\src\main\resources\tramos_calle_BarrioDismuniOneMillion.csv]], input=[21683,CL,"ENRIQUETA ""LA REPOMPA"",1,95,""EL CUARTON",8,CHURRIANA ,,,]
2025-03-31T11:23:46.245+02:00  WARN 14912 --- [practica52] [ taskExecutor-1] c.e.p.listener.SkipListenerConfig        : Error de lectura  en Parsing error at line: 17800 in resource=[file [C:\Users\6003351\Desktop\BackUps\practicas-p5Gonzalo\src\main\resources\tramos_calle_BarrioDismuniOneMillion.csv]], input=[21683,CL,"ENRIQUETA ""LA REPOMPA"",2,106,""EL CUARTON",8,CHURRIANA ,,,]
2025-03-31T11:23:46.639+02:00  WARN 14912 --- [practica52] [ taskExecutor-5] c.e.p.listener.SkipListenerConfig        : Error de lectura  en Parsing error at line: 20302 in resource=[file [C:\Users\6003351\Desktop\BackUps\practicas-p5Gonzalo\src\main\resources\tramos_calle_BarrioDismuniOneMillion.csv]], input=[37774,PL,"JUAN GOMEZ ""JUANITO"",1,9,""EL HIGUERAL ",7,CARRETERA DE CADIZ,,,]
2025-03-31T11:23:46.639+02:00  WARN 14912 --- [practica52] [ taskExecutor-5] c.e.p.listener.SkipListenerConfig        : Error de lectura  en Parsing error at line: 20303 in resource=[file [C:\Users\6003351\Desktop\BackUps\practicas-p5Gonzalo\src\main\resources\tramos_calle_BarrioDismuniOneMillion.csv]], input=[37774,PL,"JUAN GOMEZ ""JUANITO"",2,10,""EL HIGUERAL ",7,CARRETERA DE CADIZ,,,]
2025-03-31T11:23:46.648+02:00  WARN 14912 --- [practica52] [ taskExecutor-4] c.e.p.listener.SkipListenerConfig        : Error de lectura  en Parsing error at line: 20364 in resource=[file [C:\Users\6003351\Desktop\BackUps\practicas-p5Gonzalo\src\main\resources\tramos_calle_BarrioDismuniOneMillion.csv]], input=[11985,PQUE,"JUAN ROSA ""EL PULGA"",1,1,""CIUDAD JARD?N ",3,CIUDAD JARDIN ,,,]
2025-03-31T11:23:46.649+02:00  WARN 14912 --- [practica52] [ taskExecutor-4] c.e.p.listener.SkipListenerConfig        : Error de lectura  en Parsing error at line: 20365 in resource=[file [C:\Users\6003351\Desktop\BackUps\practicas-p5Gonzalo\src\main\resources\tramos_calle_BarrioDismuniOneMillion.csv]], input=[11985,PQUE,"JUAN ROSA ""EL PULGA"",2,2,""CIUDAD JARD?N ",3,CIUDAD JARDIN ,,,]
2025-03-31T11:23:46.712+02:00  WARN 14912 --- [practica52] [ taskExecutor-3] c.e.p.listener.SkipListenerConfig        : Error de lectura  en Parsing error at line: 21015 in resource=[file [C:\Users\6003351\Desktop\BackUps\practicas-p5Gonzalo\src\main\resources\tramos_calle_BarrioDismuniOneMillion.csv]], input=[39700,CL,"LEOPOLDO ALAS ""CLARIN"",1,9,""JARDIN DE LA ABADIA ",7,CARRETERA DE CADIZ,,,]
2025-03-31T11:23:46.712+02:00  WARN 14912 --- [practica52] [ taskExecutor-3] c.e.p.listener.SkipListenerConfig        : Error de lectura  en Parsing error at line: 21016 in resource=[file [C:\Users\6003351\Desktop\BackUps\practicas-p5Gonzalo\src\main\resources\tramos_calle_BarrioDismuniOneMillion.csv]], input=[39700,CL,"LEOPOLDO ALAS ""CLARIN"",2,10,""JARDIN DE LA ABADIA ",7,CARRETERA DE CADIZ,,,]
2025-03-31T11:23:47.013+02:00  WARN 14912 --- [practica52] [ taskExecutor-3] c.e.p.listener.SkipListenerConfig        : Error de lectura  en Parsing error at line: 24349 in resource=[file [C:\Users\6003351\Desktop\BackUps\practicas-p5Gonzalo\src\main\resources\tramos_calle_BarrioDismuniOneMillion.csv]], input=[21699,CL,"RAFAEL ""EL MORENO"",2,44,""EL CUARTON",8,CHURRIANA ,,,]
2025-03-31T11:23:47.016+02:00  WARN 14912 --- [practica52] [ taskExecutor-2] c.e.p.listener.SkipListenerConfig        : Error de lectura  en Parsing error at line: 24349 in resource=[file [C:\Users\6003351\Desktop\BackUps\practicas-p5Gonzalo\src\main\resources\tramos_calle_BarrioDismuniOneMillion.csv]], input=[21699,CL,"RAFAEL ""EL MORENO"",1,107,""EL CUARTON",8,CHURRIANA ,,,]
2025-03-31T11:23:47.196+02:00  WARN 14912 --- [practica52] [ taskExecutor-5] c.e.p.listener.SkipListenerConfig        : Error de lectura  en Parsing error at line: 27709 in resource=[file [C:\Users\6003351\Desktop\BackUps\practicas-p5Gonzalo\src\main\resources\tramos_calle_BarrioDismuniOneMillion.csv]], input=[5428,PL,"ANTONIO ASENSI ""EL CHICUELO"",2,2,""EL PALO ",2,ESTE,,,]
2025-03-31T11:23:47.197+02:00  WARN 14912 --- [practica52] [ taskExecutor-3] c.e.p.listener.SkipListenerConfig        : Error de lectura  en Parsing error at line: 27709 in resource=[file [C:\Users\6003351\Desktop\BackUps\practicas-p5Gonzalo\src\main\resources\tramos_calle_BarrioDismuniOneMillion.csv]], input=[5428,PL,"ANTONIO ASENSI ""EL CHICUELO"",1,3,""EL PALO ",2,ESTE,,,]
2025-03-31T11:23:47.333+02:00  WARN 14912 --- [practica52] [ taskExecutor-5] c.e.p.listener.SkipListenerConfig        : Error de lectura  en Parsing error at line: 31230 in resource=[file [C:\Users\6003351\Desktop\BackUps\practicas-p5Gonzalo\src\main\resources\tramos_calle_BarrioDismuniOneMillion.csv]], input=[21683,CL,"ENRIQUETA ""LA REPOMPA"",1,95,""EL CUARTON",8,CHURRIANA ,,,]
2025-03-31T11:23:47.334+02:00  WARN 14912 --- [practica52] [ taskExecutor-5] c.e.p.listener.SkipListenerConfig        : Error de lectura  en Parsing error at line: 31231 in resource=[file [C:\Users\6003351\Desktop\BackUps\practicas-p5Gonzalo\src\main\resources\tramos_calle_BarrioDismuniOneMillion.csv]], input=[21683,CL,"ENRIQUETA ""LA REPOMPA"",2,106,""EL CUARTON",8,CHURRIANA ,,,]
2025-03-31T11:23:47.439+02:00  WARN 14912 --- [practica52] [ taskExecutor-2] c.e.p.listener.SkipListenerConfig        : Error de lectura  en Parsing error at line: 33734 in resource=[file [C:\Users\6003351\Desktop\BackUps\practicas-p5Gonzalo\src\main\resources\tramos_calle_BarrioDismuniOneMillion.csv]], input=[37774,PL,"JUAN GOMEZ ""JUANITO"",1,9,""EL HIGUERAL ",7,CARRETERA DE CADIZ,,,]
2025-03-31T11:23:47.440+02:00  WARN 14912 --- [practica52] [ taskExecutor-2] c.e.p.listener.SkipListenerConfig        : Error de lectura  en Parsing error at line: 33735 in resource=[file [C:\Users\6003351\Desktop\BackUps\practicas-p5Gonzalo\src\main\resources\tramos_calle_BarrioDismuniOneMillion.csv]], input=[37774,PL,"JUAN GOMEZ ""JUANITO"",2,10,""EL HIGUERAL ",7,CARRETERA DE CADIZ,,,]
2025-03-31T11:23:47.440+02:00  WARN 14912 --- [practica52] [ taskExecutor-4] c.e.p.listener.SkipListenerConfig        : Error de lectura  en Parsing error at line: 33797 in resource=[file [C:\Users\6003351\Desktop\BackUps\practicas-p5Gonzalo\src\main\resources\tramos_calle_BarrioDismuniOneMillion.csv]], input=[11985,PQUE,"JUAN ROSA ""EL PULGA"",2,2,""CIUDAD JARD?N ",3,CIUDAD JARDIN ,,,]
2025-03-31T11:23:47.441+02:00  WARN 14912 --- [practica52] [ taskExecutor-2] c.e.p.listener.SkipListenerConfig        : Error de lectura  en Parsing error at line: 33797 in resource=[file [C:\Users\6003351\Desktop\BackUps\practicas-p5Gonzalo\src\main\resources\tramos_calle_BarrioDismuniOneMillion.csv]], input=[11985,PQUE,"JUAN ROSA ""EL PULGA"",1,1,""CIUDAD JARD?N ",3,CIUDAD JARDIN ,,,]
2025-03-31T11:23:47.460+02:00  WARN 14912 --- [practica52] [ taskExecutor-3] c.e.p.listener.SkipListenerConfig        : Error de lectura  en Parsing error at line: 34456 in resource=[file [C:\Users\6003351\Desktop\BackUps\practicas-p5Gonzalo\src\main\resources\tramos_calle_BarrioDismuniOneMillion.csv]], input=[39700,CL,"LEOPOLDO ALAS ""CLARIN"",1,9,""JARDIN DE LA ABADIA ",7,CARRETERA DE CADIZ,,,]
2025-03-31T11:23:47.461+02:00  WARN 14912 --- [practica52] [ taskExecutor-1] c.e.p.listener.SkipListenerConfig        : Error de lectura  en Parsing error at line: 34456 in resource=[file [C:\Users\6003351\Desktop\BackUps\practicas-p5Gonzalo\src\main\resources\tramos_calle_BarrioDismuniOneMillion.csv]], input=[39700,CL,"LEOPOLDO ALAS ""CLARIN"",2,10,""JARDIN DE LA ABADIA ",7,CARRETERA DE CADIZ,,,]
2025-03-31T11:23:47.583+02:00  WARN 14912 --- [practica52] [ taskExecutor-4] c.e.p.listener.SkipListenerConfig        : Error de lectura  en Parsing error at line: 37781 in resource=[file [C:\Users\6003351\Desktop\BackUps\practicas-p5Gonzalo\src\main\resources\tramos_calle_BarrioDismuniOneMillion.csv]], input=[21699,CL,"RAFAEL ""EL MORENO"",1,107,""EL CUARTON",8,CHURRIANA ,,,]
2025-03-31T11:23:47.583+02:00  WARN 14912 --- [practica52] [ taskExecutor-5] c.e.p.listener.SkipListenerConfig        : Error de lectura  en Parsing error at line: 37781 in resource=[file [C:\Users\6003351\Desktop\BackUps\practicas-p5Gonzalo\src\main\resources\tramos_calle_BarrioDismuniOneMillion.csv]], input=[21699,CL,"RAFAEL ""EL MORENO"",2,44,""EL CUARTON",8,CHURRIANA ,,,]
2025-03-31T11:23:47.682+02:00  WARN 14912 --- [practica52] [ taskExecutor-5] c.e.p.listener.SkipListenerConfig        : Error de lectura  en Parsing error at line: 41141 in resource=[file [C:\Users\6003351\Desktop\BackUps\practicas-p5Gonzalo\src\main\resources\tramos_calle_BarrioDismuniOneMillion.csv]], input=[5428,PL,"ANTONIO ASENSI ""EL CHICUELO"",2,2,""EL PALO ",2,ESTE,,,]
2025-03-31T11:23:47.698+02:00  WARN 14912 --- [practica52] [ taskExecutor-1] c.e.p.listener.SkipListenerConfig        : Error de lectura  en Parsing error at line: 41141 in resource=[file [C:\Users\6003351\Desktop\BackUps\practicas-p5Gonzalo\src\main\resources\tramos_calle_BarrioDismuniOneMillion.csv]], input=[5428,PL,"ANTONIO ASENSI ""EL CHICUELO"",1,3,""EL PALO ",2,ESTE,,,]
2025-03-31T11:23:47.863+02:00  WARN 14912 --- [practica52] [ taskExecutor-3] c.e.p.listener.SkipListenerConfig        : Error de lectura  en Parsing error at line: 44663 in resource=[file [C:\Users\6003351\Desktop\BackUps\practicas-p5Gonzalo\src\main\resources\tramos_calle_BarrioDismuniOneMillion.csv]], input=[21683,CL,"ENRIQUETA ""LA REPOMPA"",2,106,""EL CUARTON",8,CHURRIANA ,,,]
2025-03-31T11:23:47.864+02:00  WARN 14912 --- [practica52] [ taskExecutor-2] c.e.p.listener.SkipListenerConfig        : Error de lectura  en Parsing error at line: 44663 in resource=[file [C:\Users\6003351\Desktop\BackUps\practicas-p5Gonzalo\src\main\resources\tramos_calle_BarrioDismuniOneMillion.csv]], input=[21683,CL,"ENRIQUETA ""LA REPOMPA"",1,95,""EL CUARTON",8,CHURRIANA ,,,]
2025-03-31T11:23:47.971+02:00  WARN 14912 --- [practica52] [ taskExecutor-1] c.e.p.listener.SkipListenerConfig        : Error de lectura  en Parsing error at line: 47232 in resource=[file [C:\Users\6003351\Desktop\BackUps\practicas-p5Gonzalo\src\main\resources\tramos_calle_BarrioDismuniOneMillion.csv]], input=[11985,PQUE,"JUAN ROSA ""EL PULGA"",2,2,""CIUDAD JARD?N ",3,CIUDAD JARDIN ,,,]
2025-03-31T11:23:47.971+02:00  WARN 14912 --- [practica52] [ taskExecutor-5] c.e.p.listener.SkipListenerConfig        : Error de lectura  en Parsing error at line: 47169 in resource=[file [C:\Users\6003351\Desktop\BackUps\practicas-p5Gonzalo\src\main\resources\tramos_calle_BarrioDismuniOneMillion.csv]], input=[37774,PL,"JUAN GOMEZ ""JUANITO"",1,9,""EL HIGUERAL ",7,CARRETERA DE CADIZ,,,]
2025-03-31T11:23:47.971+02:00  WARN 14912 --- [practica52] [ taskExecutor-2] c.e.p.listener.SkipListenerConfig        : Error de lectura  en Parsing error at line: 47169 in resource=[file [C:\Users\6003351\Desktop\BackUps\practicas-p5Gonzalo\src\main\resources\tramos_calle_BarrioDismuniOneMillion.csv]], input=[37774,PL,"JUAN GOMEZ ""JUANITO"",2,10,""EL HIGUERAL ",7,CARRETERA DE CADIZ,,,]
2025-03-31T11:23:47.972+02:00  WARN 14912 --- [practica52] [ taskExecutor-2] c.e.p.listener.SkipListenerConfig        : Error de lectura  en Parsing error at line: 47232 in resource=[file [C:\Users\6003351\Desktop\BackUps\practicas-p5Gonzalo\src\main\resources\tramos_calle_BarrioDismuniOneMillion.csv]], input=[11985,PQUE,"JUAN ROSA ""EL PULGA"",1,1,""CIUDAD JARD?N ",3,CIUDAD JARDIN ,,,]
2025-03-31T11:23:47.992+02:00  WARN 14912 --- [practica52] [ taskExecutor-5] c.e.p.listener.SkipListenerConfig        : Error de lectura  en Parsing error at line: 47883 in resource=[file [C:\Users\6003351\Desktop\BackUps\practicas-p5Gonzalo\src\main\resources\tramos_calle_BarrioDismuniOneMillion.csv]], input=[39700,CL,"LEOPOLDO ALAS ""CLARIN"",1,9,""JARDIN DE LA ABADIA ",7,CARRETERA DE CADIZ,,,]
2025-03-31T11:23:47.993+02:00  WARN 14912 --- [practica52] [ taskExecutor-4] c.e.p.listener.SkipListenerConfig        : Error de lectura  en Parsing error at line: 47889 in resource=[file [C:\Users\6003351\Desktop\BackUps\practicas-p5Gonzalo\src\main\resources\tramos_calle_BarrioDismuniOneMillion.csv]], input=[39700,CL,"LEOPOLDO ALAS ""CLARIN"",2,10,""JARDIN DE LA ABADIA ",7,CARRETERA DE CADIZ,,,]
2025-03-31T11:23:48.170+02:00  WARN 14912 --- [practica52] [ taskExecutor-3] c.e.p.listener.SkipListenerConfig        : Error de lectura  en Parsing error at line: 51212 in resource=[file [C:\Users\6003351\Desktop\BackUps\practicas-p5Gonzalo\src\main\resources\tramos_calle_BarrioDismuniOneMillion.csv]], input=[21699,CL,"RAFAEL ""EL MORENO"",1,107,""EL CUARTON",8,CHURRIANA ,,,]
2025-03-31T11:23:48.171+02:00  WARN 14912 --- [practica52] [ taskExecutor-3] c.e.p.listener.SkipListenerConfig        : Error de lectura  en Parsing error at line: 51213 in resource=[file [C:\Users\6003351\Desktop\BackUps\practicas-p5Gonzalo\src\main\resources\tramos_calle_BarrioDismuniOneMillion.csv]], input=[21699,CL,"RAFAEL ""EL MORENO"",2,44,""EL CUARTON",8,CHURRIANA ,,,]
2025-03-31T11:23:48.371+02:00  WARN 14912 --- [practica52] [ taskExecutor-2] c.e.p.listener.SkipListenerConfig        : Error de lectura  en Parsing error at line: 54573 in resource=[file [C:\Users\6003351\Desktop\BackUps\practicas-p5Gonzalo\src\main\resources\tramos_calle_BarrioDismuniOneMillion.csv]], input=[5428,PL,"ANTONIO ASENSI ""EL CHICUELO"",2,2,""EL PALO ",2,ESTE,,,]
2025-03-31T11:23:48.372+02:00  WARN 14912 --- [practica52] [ taskExecutor-5] c.e.p.listener.SkipListenerConfig        : Error de lectura  en Parsing error at line: 54573 in resource=[file [C:\Users\6003351\Desktop\BackUps\practicas-p5Gonzalo\src\main\resources\tramos_calle_BarrioDismuniOneMillion.csv]], input=[5428,PL,"ANTONIO ASENSI ""EL CHICUELO"",1,3,""EL PALO ",2,ESTE,,,]
2025-03-31T11:23:48.477+02:00  WARN 14912 --- [practica52] [ taskExecutor-5] c.e.p.listener.SkipListenerConfig        : Error de lectura  en Parsing error at line: 58094 in resource=[file [C:\Users\6003351\Desktop\BackUps\practicas-p5Gonzalo\src\main\resources\tramos_calle_BarrioDismuniOneMillion.csv]], input=[21683,CL,"ENRIQUETA ""LA REPOMPA"",1,95,""EL CUARTON",8,CHURRIANA ,,,]
2025-03-31T11:23:48.477+02:00  WARN 14912 --- [practica52] [ taskExecutor-5] c.e.p.listener.SkipListenerConfig        : Error de lectura  en Parsing error at line: 58095 in resource=[file [C:\Users\6003351\Desktop\BackUps\practicas-p5Gonzalo\src\main\resources\tramos_calle_BarrioDismuniOneMillion.csv]], input=[21683,CL,"ENRIQUETA ""LA REPOMPA"",2,106,""EL CUARTON",8,CHURRIANA ,,,]
2025-03-31T11:23:48.561+02:00  WARN 14912 --- [practica52] [ taskExecutor-3] c.e.p.listener.SkipListenerConfig        : Error de lectura  en Parsing error at line: 60615 in resource=[file [C:\Users\6003351\Desktop\BackUps\practicas-p5Gonzalo\src\main\resources\tramos_calle_BarrioDismuniOneMillion.csv]], input=[37774,PL,"JUAN GOMEZ ""JUANITO"",2,10,""EL HIGUERAL ",7,CARRETERA DE CADIZ,,,]
2025-03-31T11:23:48.561+02:00  WARN 14912 --- [practica52] [ taskExecutor-4] c.e.p.listener.SkipListenerConfig        : Error de lectura  en Parsing error at line: 60692 in resource=[file [C:\Users\6003351\Desktop\BackUps\practicas-p5Gonzalo\src\main\resources\tramos_calle_BarrioDismuniOneMillion.csv]], input=[11985,PQUE,"JUAN ROSA ""EL PULGA"",2,2,""CIUDAD JARD?N ",3,CIUDAD JARDIN ,,,]
2025-03-31T11:23:48.561+02:00  WARN 14912 --- [practica52] [ taskExecutor-3] c.e.p.listener.SkipListenerConfig        : Error de lectura  en Parsing error at line: 60667 in resource=[file [C:\Users\6003351\Desktop\BackUps\practicas-p5Gonzalo\src\main\resources\tramos_calle_BarrioDismuniOneMillion.csv]], input=[11985,PQUE,"JUAN ROSA ""EL PULGA"",1,1,""CIUDAD JARD?N ",3,CIUDAD JARDIN ,,,]
2025-03-31T11:23:48.563+02:00  WARN 14912 --- [practica52] [ taskExecutor-2] c.e.p.listener.SkipListenerConfig        : Error de lectura  en Parsing error at line: 60615 in resource=[file [C:\Users\6003351\Desktop\BackUps\practicas-p5Gonzalo\src\main\resources\tramos_calle_BarrioDismuniOneMillion.csv]], input=[37774,PL,"JUAN GOMEZ ""JUANITO"",1,9,""EL HIGUERAL ",7,CARRETERA DE CADIZ,,,]
2025-03-31T11:23:48.594+02:00  WARN 14912 --- [practica52] [ taskExecutor-4] c.e.p.listener.SkipListenerConfig        : Error de lectura  en Parsing error at line: 61311 in resource=[file [C:\Users\6003351\Desktop\BackUps\practicas-p5Gonzalo\src\main\resources\tramos_calle_BarrioDismuniOneMillion.csv]], input=[39700,CL,"LEOPOLDO ALAS ""CLARIN"",1,9,""JARDIN DE LA ABADIA ",7,CARRETERA DE CADIZ,,,]
2025-03-31T11:23:48.595+02:00  WARN 14912 --- [practica52] [ taskExecutor-4] c.e.p.listener.SkipListenerConfig        : Error de lectura  en Parsing error at line: 61314 in resource=[file [C:\Users\6003351\Desktop\BackUps\practicas-p5Gonzalo\src\main\resources\tramos_calle_BarrioDismuniOneMillion.csv]], input=[39700,CL,"LEOPOLDO ALAS ""CLARIN"",2,10,""JARDIN DE LA ABADIA ",7,CARRETERA DE CADIZ,,,]
2025-03-31T11:23:48.675+02:00  WARN 14912 --- [practica52] [ taskExecutor-5] c.e.p.listener.SkipListenerConfig        : Error de lectura  en Parsing error at line: 64645 in resource=[file [C:\Users\6003351\Desktop\BackUps\practicas-p5Gonzalo\src\main\resources\tramos_calle_BarrioDismuniOneMillion.csv]], input=[21699,CL,"RAFAEL ""EL MORENO"",1,107,""EL CUARTON",8,CHURRIANA ,,,]
2025-03-31T11:23:48.675+02:00  WARN 14912 --- [practica52] [ taskExecutor-1] c.e.p.listener.SkipListenerConfig        : Error de lectura  en Parsing error at line: 64645 in resource=[file [C:\Users\6003351\Desktop\BackUps\practicas-p5Gonzalo\src\main\resources\tramos_calle_BarrioDismuniOneMillion.csv]], input=[21699,CL,"RAFAEL ""EL MORENO"",2,44,""EL CUARTON",8,CHURRIANA ,,,]
2025-03-31T11:23:48.757+02:00  WARN 14912 --- [practica52] [ taskExecutor-4] c.e.p.listener.SkipListenerConfig        : Error de lectura  en Parsing error at line: 68012 in resource=[file [C:\Users\6003351\Desktop\BackUps\practicas-p5Gonzalo\src\main\resources\tramos_calle_BarrioDismuniOneMillion.csv]], input=[5428,PL,"ANTONIO ASENSI ""EL CHICUELO"",2,2,""EL PALO ",2,ESTE,,,]
2025-03-31T11:23:48.757+02:00  WARN 14912 --- [practica52] [ taskExecutor-5] c.e.p.listener.SkipListenerConfig        : Error de lectura  en Parsing error at line: 68012 in resource=[file [C:\Users\6003351\Desktop\BackUps\practicas-p5Gonzalo\src\main\resources\tramos_calle_BarrioDismuniOneMillion.csv]], input=[5428,PL,"ANTONIO ASENSI ""EL CHICUELO"",1,3,""EL PALO ",2,ESTE,,,]
2025-03-31T11:23:48.866+02:00  WARN 14912 --- [practica52] [ taskExecutor-3] c.e.p.listener.SkipListenerConfig        : Error de lectura  en Parsing error at line: 71534 in resource=[file [C:\Users\6003351\Desktop\BackUps\practicas-p5Gonzalo\src\main\resources\tramos_calle_BarrioDismuniOneMillion.csv]], input=[21683,CL,"ENRIQUETA ""LA REPOMPA"",1,95,""EL CUARTON",8,CHURRIANA ,,,]
2025-03-31T11:23:48.868+02:00  WARN 14912 --- [practica52] [ taskExecutor-5] c.e.p.listener.SkipListenerConfig        : Error de lectura  en Parsing error at line: 71534 in resource=[file [C:\Users\6003351\Desktop\BackUps\practicas-p5Gonzalo\src\main\resources\tramos_calle_BarrioDismuniOneMillion.csv]], input=[21683,CL,"ENRIQUETA ""LA REPOMPA"",2,106,""EL CUARTON",8,CHURRIANA ,,,]
2025-03-31T11:23:48.934+02:00  WARN 14912 --- [practica52] [ taskExecutor-4] c.e.p.listener.SkipListenerConfig        : Error de lectura  en Parsing error at line: 74040 in resource=[file [C:\Users\6003351\Desktop\BackUps\practicas-p5Gonzalo\src\main\resources\tramos_calle_BarrioDismuniOneMillion.csv]], input=[37774,PL,"JUAN GOMEZ ""JUANITO"",2,10,""EL HIGUERAL ",7,CARRETERA DE CADIZ,,,]
2025-03-31T11:23:48.934+02:00  WARN 14912 --- [practica52] [ taskExecutor-4] c.e.p.listener.SkipListenerConfig        : Error de lectura  en Parsing error at line: 74097 in resource=[file [C:\Users\6003351\Desktop\BackUps\practicas-p5Gonzalo\src\main\resources\tramos_calle_BarrioDismuniOneMillion.csv]], input=[11985,PQUE,"JUAN ROSA ""EL PULGA"",1,1,""CIUDAD JARD?N ",3,CIUDAD JARDIN ,,,]
2025-03-31T11:23:48.944+02:00  WARN 14912 --- [practica52] [ taskExecutor-3] c.e.p.listener.SkipListenerConfig        : Error de lectura  en Parsing error at line: 74065 in resource=[file [C:\Users\6003351\Desktop\BackUps\practicas-p5Gonzalo\src\main\resources\tramos_calle_BarrioDismuniOneMillion.csv]], input=[37774,PL,"JUAN GOMEZ ""JUANITO"",1,9,""EL HIGUERAL ",7,CARRETERA DE CADIZ,,,]
2025-03-31T11:23:48.950+02:00  WARN 14912 --- [practica52] [ taskExecutor-4] c.e.p.listener.SkipListenerConfig        : Error de lectura  en Parsing error at line: 74751 in resource=[file [C:\Users\6003351\Desktop\BackUps\practicas-p5Gonzalo\src\main\resources\tramos_calle_BarrioDismuniOneMillion.csv]], input=[39700,CL,"LEOPOLDO ALAS ""CLARIN"",1,9,""JARDIN DE LA ABADIA ",7,CARRETERA DE CADIZ,,,]
2025-03-31T11:23:48.944+02:00  WARN 14912 --- [practica52] [ taskExecutor-3] c.e.p.listener.SkipListenerConfig        : Error de lectura  en Parsing error at line: 74098 in resource=[file [C:\Users\6003351\Desktop\BackUps\practicas-p5Gonzalo\src\main\resources\tramos_calle_BarrioDismuniOneMillion.csv]], input=[11985,PQUE,"JUAN ROSA ""EL PULGA"",2,2,""CIUDAD JARD?N ",3,CIUDAD JARDIN ,,,]
2025-03-31T11:23:48.954+02:00  WARN 14912 --- [practica52] [ taskExecutor-1] c.e.p.listener.SkipListenerConfig        : Error de lectura  en Parsing error at line: 74751 in resource=[file [C:\Users\6003351\Desktop\BackUps\practicas-p5Gonzalo\src\main\resources\tramos_calle_BarrioDismuniOneMillion.csv]], input=[39700,CL,"LEOPOLDO ALAS ""CLARIN"",2,10,""JARDIN DE LA ABADIA ",7,CARRETERA DE CADIZ,,,]
2025-03-31T11:23:49.090+02:00  WARN 14912 --- [practica52] [ taskExecutor-1] c.e.p.listener.SkipListenerConfig        : Error de lectura  en Parsing error at line: 78076 in resource=[file [C:\Users\6003351\Desktop\BackUps\practicas-p5Gonzalo\src\main\resources\tramos_calle_BarrioDismuniOneMillion.csv]], input=[21699,CL,"RAFAEL ""EL MORENO"",1,107,""EL CUARTON",8,CHURRIANA ,,,]
2025-03-31T11:23:49.090+02:00  WARN 14912 --- [practica52] [ taskExecutor-1] c.e.p.listener.SkipListenerConfig        : Error de lectura  en Parsing error at line: 78077 in resource=[file [C:\Users\6003351\Desktop\BackUps\practicas-p5Gonzalo\src\main\resources\tramos_calle_BarrioDismuniOneMillion.csv]], input=[21699,CL,"RAFAEL ""EL MORENO"",2,44,""EL CUARTON",8,CHURRIANA ,,,]
2025-03-31T11:23:49.226+02:00  WARN 14912 --- [practica52] [ taskExecutor-5] c.e.p.listener.SkipListenerConfig        : Error de lectura  en Parsing error at line: 81437 in resource=[file [C:\Users\6003351\Desktop\BackUps\practicas-p5Gonzalo\src\main\resources\tramos_calle_BarrioDismuniOneMillion.csv]], input=[5428,PL,"ANTONIO ASENSI ""EL CHICUELO"",2,2,""EL PALO ",2,ESTE,,,]
2025-03-31T11:23:49.228+02:00  WARN 14912 --- [practica52] [ taskExecutor-3] c.e.p.listener.SkipListenerConfig        : Error de lectura  en Parsing error at line: 81437 in resource=[file [C:\Users\6003351\Desktop\BackUps\practicas-p5Gonzalo\src\main\resources\tramos_calle_BarrioDismuniOneMillion.csv]], input=[5428,PL,"ANTONIO ASENSI ""EL CHICUELO"",1,3,""EL PALO ",2,ESTE,,,]
2025-03-31T11:23:49.373+02:00  WARN 14912 --- [practica52] [ taskExecutor-5] c.e.p.listener.SkipListenerConfig        : Error de lectura  en Parsing error at line: 84964 in resource=[file [C:\Users\6003351\Desktop\BackUps\practicas-p5Gonzalo\src\main\resources\tramos_calle_BarrioDismuniOneMillion.csv]], input=[21683,CL,"ENRIQUETA ""LA REPOMPA"",1,95,""EL CUARTON",8,CHURRIANA ,,,]
2025-03-31T11:23:49.394+02:00  WARN 14912 --- [practica52] [ taskExecutor-4] c.e.p.listener.SkipListenerConfig        : Error de lectura  en Parsing error at line: 84964 in resource=[file [C:\Users\6003351\Desktop\BackUps\practicas-p5Gonzalo\src\main\resources\tramos_calle_BarrioDismuniOneMillion.csv]], input=[21683,CL,"ENRIQUETA ""LA REPOMPA"",2,106,""EL CUARTON",8,CHURRIANA ,,,]
2025-03-31T11:23:49.489+02:00  WARN 14912 --- [practica52] [ taskExecutor-1] c.e.p.listener.SkipListenerConfig        : Error de lectura  en Parsing error at line: 87525 in resource=[file [C:\Users\6003351\Desktop\BackUps\practicas-p5Gonzalo\src\main\resources\tramos_calle_BarrioDismuniOneMillion.csv]], input=[11985,PQUE,"JUAN ROSA ""EL PULGA"",1,1,""CIUDAD JARD?N ",3,CIUDAD JARDIN ,,,]
2025-03-31T11:23:49.490+02:00  WARN 14912 --- [practica52] [ taskExecutor-3] c.e.p.listener.SkipListenerConfig        : Error de lectura  en Parsing error at line: 87525 in resource=[file [C:\Users\6003351\Desktop\BackUps\practicas-p5Gonzalo\src\main\resources\tramos_calle_BarrioDismuniOneMillion.csv]], input=[11985,PQUE,"JUAN ROSA ""EL PULGA"",2,2,""CIUDAD JARD?N ",3,CIUDAD JARDIN ,,,]
2025-03-31T11:23:49.498+02:00  WARN 14912 --- [practica52] [ taskExecutor-4] c.e.p.listener.SkipListenerConfig        : Error de lectura  en Parsing error at line: 87462 in resource=[file [C:\Users\6003351\Desktop\BackUps\practicas-p5Gonzalo\src\main\resources\tramos_calle_BarrioDismuniOneMillion.csv]], input=[37774,PL,"JUAN GOMEZ ""JUANITO"",1,9,""EL HIGUERAL ",7,CARRETERA DE CADIZ,,,]
2025-03-31T11:23:49.499+02:00  WARN 14912 --- [practica52] [ taskExecutor-4] c.e.p.listener.SkipListenerConfig        : Error de lectura  en Parsing error at line: 87463 in resource=[file [C:\Users\6003351\Desktop\BackUps\practicas-p5Gonzalo\src\main\resources\tramos_calle_BarrioDismuniOneMillion.csv]], input=[37774,PL,"JUAN GOMEZ ""JUANITO"",2,10,""EL HIGUERAL ",7,CARRETERA DE CADIZ,,,]
2025-03-31T11:23:49.506+02:00  WARN 14912 --- [practica52] [ taskExecutor-1] c.e.p.listener.SkipListenerConfig        : Error de lectura  en Parsing error at line: 88175 in resource=[file [C:\Users\6003351\Desktop\BackUps\practicas-p5Gonzalo\src\main\resources\tramos_calle_BarrioDismuniOneMillion.csv]], input=[39700,CL,"LEOPOLDO ALAS ""CLARIN"",1,9,""JARDIN DE LA ABADIA ",7,CARRETERA DE CADIZ,,,]
2025-03-31T11:23:49.506+02:00  WARN 14912 --- [practica52] [ taskExecutor-1] c.e.p.listener.SkipListenerConfig        : Error de lectura  en Parsing error at line: 88176 in resource=[file [C:\Users\6003351\Desktop\BackUps\practicas-p5Gonzalo\src\main\resources\tramos_calle_BarrioDismuniOneMillion.csv]], input=[39700,CL,"LEOPOLDO ALAS ""CLARIN"",2,10,""JARDIN DE LA ABADIA ",7,CARRETERA DE CADIZ,,,]
2025-03-31T11:23:49.645+02:00  WARN 14912 --- [practica52] [ taskExecutor-4] c.e.p.listener.SkipListenerConfig        : Error de lectura  en Parsing error at line: 91508 in resource=[file [C:\Users\6003351\Desktop\BackUps\practicas-p5Gonzalo\src\main\resources\tramos_calle_BarrioDismuniOneMillion.csv]], input=[21699,CL,"RAFAEL ""EL MORENO"",1,107,""EL CUARTON",8,CHURRIANA ,,,]
2025-03-31T11:23:49.645+02:00  WARN 14912 --- [practica52] [ taskExecutor-4] c.e.p.listener.SkipListenerConfig        : Error de lectura  en Parsing error at line: 91509 in resource=[file [C:\Users\6003351\Desktop\BackUps\practicas-p5Gonzalo\src\main\resources\tramos_calle_BarrioDismuniOneMillion.csv]], input=[21699,CL,"RAFAEL ""EL MORENO"",2,44,""EL CUARTON",8,CHURRIANA ,,,]
2025-03-31T11:23:49.794+02:00  WARN 14912 --- [practica52] [ taskExecutor-4] c.e.p.listener.SkipListenerConfig        : Error de lectura  en Parsing error at line: 94869 in resource=[file [C:\Users\6003351\Desktop\BackUps\practicas-p5Gonzalo\src\main\resources\tramos_calle_BarrioDismuniOneMillion.csv]], input=[5428,PL,"ANTONIO ASENSI ""EL CHICUELO"",2,2,""EL PALO ",2,ESTE,,,]
2025-03-31T11:23:49.802+02:00  WARN 14912 --- [practica52] [ taskExecutor-2] c.e.p.listener.SkipListenerConfig        : Error de lectura  en Parsing error at line: 94959 in resource=[file [C:\Users\6003351\Desktop\BackUps\practicas-p5Gonzalo\src\main\resources\tramos_calle_BarrioDismuniOneMillion.csv]], input=[5428,PL,"ANTONIO ASENSI ""EL CHICUELO"",1,3,""EL PALO ",2,ESTE,,,]
2025-03-31T11:23:49.952+02:00  WARN 14912 --- [practica52] [ taskExecutor-5] c.e.p.listener.SkipListenerConfig        : Error de lectura  en Parsing error at line: 98391 in resource=[file [C:\Users\6003351\Desktop\BackUps\practicas-p5Gonzalo\src\main\resources\tramos_calle_BarrioDismuniOneMillion.csv]], input=[21683,CL,"ENRIQUETA ""LA REPOMPA"",1,95,""EL CUARTON",8,CHURRIANA ,,,]
2025-03-31T11:23:49.953+02:00  WARN 14912 --- [practica52] [ taskExecutor-2] c.e.p.listener.SkipListenerConfig        : Error de lectura  en Parsing error at line: 98403 in resource=[file [C:\Users\6003351\Desktop\BackUps\practicas-p5Gonzalo\src\main\resources\tramos_calle_BarrioDismuniOneMillion.csv]], input=[21683,CL,"ENRIQUETA ""LA REPOMPA"",2,106,""EL CUARTON",8,CHURRIANA ,,,]
2025-03-31T11:23:50.072+02:00  WARN 14912 --- [practica52] [ taskExecutor-1] c.e.p.listener.SkipListenerConfig        : Error de lectura  en Parsing error at line: 100895 in resource=[file [C:\Users\6003351\Desktop\BackUps\practicas-p5Gonzalo\src\main\resources\tramos_calle_BarrioDismuniOneMillion.csv]], input=[37774,PL,"JUAN GOMEZ ""JUANITO"",1,9,""EL HIGUERAL ",7,CARRETERA DE CADIZ,,,]
2025-03-31T11:23:50.072+02:00  WARN 14912 --- [practica52] [ taskExecutor-1] c.e.p.listener.SkipListenerConfig        : Error de lectura  en Parsing error at line: 100957 in resource=[file [C:\Users\6003351\Desktop\BackUps\practicas-p5Gonzalo\src\main\resources\tramos_calle_BarrioDismuniOneMillion.csv]], input=[11985,PQUE,"JUAN ROSA ""EL PULGA"",2,2,""CIUDAD JARD?N ",3,CIUDAD JARDIN ,,,]
2025-03-31T11:23:50.073+02:00  WARN 14912 --- [practica52] [ taskExecutor-5] c.e.p.listener.SkipListenerConfig        : Error de lectura  en Parsing error at line: 100957 in resource=[file [C:\Users\6003351\Desktop\BackUps\practicas-p5Gonzalo\src\main\resources\tramos_calle_BarrioDismuniOneMillion.csv]], input=[11985,PQUE,"JUAN ROSA ""EL PULGA"",1,1,""CIUDAD JARD?N ",3,CIUDAD JARDIN ,,,]
2025-03-31T11:23:50.086+02:00  WARN 14912 --- [practica52] [ taskExecutor-4] c.e.p.listener.SkipListenerConfig        : Error de lectura  en Parsing error at line: 100901 in resource=[file [C:\Users\6003351\Desktop\BackUps\practicas-p5Gonzalo\src\main\resources\tramos_calle_BarrioDismuniOneMillion.csv]], input=[37774,PL,"JUAN GOMEZ ""JUANITO"",2,10,""EL HIGUERAL ",7,CARRETERA DE CADIZ,,,]
2025-03-31T11:23:50.100+02:00  WARN 14912 --- [practica52] [ taskExecutor-2] c.e.p.listener.SkipListenerConfig        : Error de lectura  en Parsing error at line: 101607 in resource=[file [C:\Users\6003351\Desktop\BackUps\practicas-p5Gonzalo\src\main\resources\tramos_calle_BarrioDismuniOneMillion.csv]], input=[39700,CL,"LEOPOLDO ALAS ""CLARIN"",1,9,""JARDIN DE LA ABADIA ",7,CARRETERA DE CADIZ,,,]
2025-03-31T11:23:50.100+02:00  WARN 14912 --- [practica52] [ taskExecutor-2] c.e.p.listener.SkipListenerConfig        : Error de lectura  en Parsing error at line: 101608 in resource=[file [C:\Users\6003351\Desktop\BackUps\practicas-p5Gonzalo\src\main\resources\tramos_calle_BarrioDismuniOneMillion.csv]], input=[39700,CL,"LEOPOLDO ALAS ""CLARIN"",2,10,""JARDIN DE LA ABADIA ",7,CARRETERA DE CADIZ,,,]
2025-03-31T11:23:50.240+02:00  WARN 14912 --- [practica52] [ taskExecutor-4] c.e.p.listener.SkipListenerConfig        : Error de lectura  en Parsing error at line: 104941 in resource=[file [C:\Users\6003351\Desktop\BackUps\practicas-p5Gonzalo\src\main\resources\tramos_calle_BarrioDismuniOneMillion.csv]], input=[21699,CL,"RAFAEL ""EL MORENO"",1,107,""EL CUARTON",8,CHURRIANA ,,,]
2025-03-31T11:23:50.242+02:00  WARN 14912 --- [practica52] [ taskExecutor-2] c.e.p.listener.SkipListenerConfig        : Error de lectura  en Parsing error at line: 104941 in resource=[file [C:\Users\6003351\Desktop\BackUps\practicas-p5Gonzalo\src\main\resources\tramos_calle_BarrioDismuniOneMillion.csv]], input=[21699,CL,"RAFAEL ""EL MORENO"",2,44,""EL CUARTON",8,CHURRIANA ,,,]
2025-03-31T11:23:50.325+02:00  WARN 14912 --- [practica52] [ taskExecutor-5] c.e.p.listener.SkipListenerConfig        : Error de lectura  en Parsing error at line: 108301 in resource=[file [C:\Users\6003351\Desktop\BackUps\practicas-p5Gonzalo\src\main\resources\tramos_calle_BarrioDismuniOneMillion.csv]], input=[5428,PL,"ANTONIO ASENSI ""EL CHICUELO"",1,3,""EL PALO ",2,ESTE,,,]
2025-03-31T11:23:50.330+02:00  WARN 14912 --- [practica52] [ taskExecutor-4] c.e.p.listener.SkipListenerConfig        : Error de lectura  en Parsing error at line: 108301 in resource=[file [C:\Users\6003351\Desktop\BackUps\practicas-p5Gonzalo\src\main\resources\tramos_calle_BarrioDismuniOneMillion.csv]], input=[5428,PL,"ANTONIO ASENSI ""EL CHICUELO"",2,2,""EL PALO ",2,ESTE,,,]
2025-03-31T11:23:50.436+02:00  WARN 14912 --- [practica52] [ taskExecutor-2] c.e.p.listener.SkipListenerConfig        : Error de lectura  en Parsing error at line: 111822 in resource=[file [C:\Users\6003351\Desktop\BackUps\practicas-p5Gonzalo\src\main\resources\tramos_calle_BarrioDismuniOneMillion.csv]], input=[21683,CL,"ENRIQUETA ""LA REPOMPA"",1,95,""EL CUARTON",8,CHURRIANA ,,,]
2025-03-31T11:23:50.437+02:00  WARN 14912 --- [practica52] [ taskExecutor-2] c.e.p.listener.SkipListenerConfig        : Error de lectura  en Parsing error at line: 111823 in resource=[file [C:\Users\6003351\Desktop\BackUps\practicas-p5Gonzalo\src\main\resources\tramos_calle_BarrioDismuniOneMillion.csv]], input=[21683,CL,"ENRIQUETA ""LA REPOMPA"",2,106,""EL CUARTON",8,CHURRIANA ,,,]
2025-03-31T11:23:50.499+02:00  WARN 14912 --- [practica52] [ taskExecutor-4] c.e.p.listener.SkipListenerConfig        : Error de lectura  en Parsing error at line: 114327 in resource=[file [C:\Users\6003351\Desktop\BackUps\practicas-p5Gonzalo\src\main\resources\tramos_calle_BarrioDismuniOneMillion.csv]], input=[37774,PL,"JUAN GOMEZ ""JUANITO"",2,10,""EL HIGUERAL ",7,CARRETERA DE CADIZ,,,]
2025-03-31T11:23:50.504+02:00  WARN 14912 --- [practica52] [ taskExecutor-1] c.e.p.listener.SkipListenerConfig        : Error de lectura  en Parsing error at line: 114327 in resource=[file [C:\Users\6003351\Desktop\BackUps\practicas-p5Gonzalo\src\main\resources\tramos_calle_BarrioDismuniOneMillion.csv]], input=[37774,PL,"JUAN GOMEZ ""JUANITO"",1,9,""EL HIGUERAL ",7,CARRETERA DE CADIZ,,,]
2025-03-31T11:23:50.504+02:00  WARN 14912 --- [practica52] [ taskExecutor-1] c.e.p.listener.SkipListenerConfig        : Error de lectura  en Parsing error at line: 114388 in resource=[file [C:\Users\6003351\Desktop\BackUps\practicas-p5Gonzalo\src\main\resources\tramos_calle_BarrioDismuniOneMillion.csv]], input=[11985,PQUE,"JUAN ROSA ""EL PULGA"",1,1,""CIUDAD JARD?N ",3,CIUDAD JARDIN ,,,]
2025-03-31T11:23:50.504+02:00  WARN 14912 --- [practica52] [ taskExecutor-1] c.e.p.listener.SkipListenerConfig        : Error de lectura  en Parsing error at line: 114389 in resource=[file [C:\Users\6003351\Desktop\BackUps\practicas-p5Gonzalo\src\main\resources\tramos_calle_BarrioDismuniOneMillion.csv]], input=[11985,PQUE,"JUAN ROSA ""EL PULGA"",2,2,""CIUDAD JARD?N ",3,CIUDAD JARDIN ,,,]
2025-03-31T11:23:50.520+02:00  WARN 14912 --- [practica52] [ taskExecutor-2] c.e.p.listener.SkipListenerConfig        : Error de lectura  en Parsing error at line: 115040 in resource=[file [C:\Users\6003351\Desktop\BackUps\practicas-p5Gonzalo\src\main\resources\tramos_calle_BarrioDismuniOneMillion.csv]], input=[39700,CL,"LEOPOLDO ALAS ""CLARIN"",2,10,""JARDIN DE LA ABADIA ",7,CARRETERA DE CADIZ,,,]
2025-03-31T11:23:50.521+02:00  WARN 14912 --- [practica52] [ taskExecutor-1] c.e.p.listener.SkipListenerConfig        : Error de lectura  en Parsing error at line: 115040 in resource=[file [C:\Users\6003351\Desktop\BackUps\practicas-p5Gonzalo\src\main\resources\tramos_calle_BarrioDismuniOneMillion.csv]], input=[39700,CL,"LEOPOLDO ALAS ""CLARIN"",1,9,""JARDIN DE LA ABADIA ",7,CARRETERA DE CADIZ,,,]
2025-03-31T11:23:50.642+02:00  WARN 14912 --- [practica52] [ taskExecutor-5] c.e.p.listener.SkipListenerConfig        : Error de lectura  en Parsing error at line: 118372 in resource=[file [C:\Users\6003351\Desktop\BackUps\practicas-p5Gonzalo\src\main\resources\tramos_calle_BarrioDismuniOneMillion.csv]], input=[21699,CL,"RAFAEL ""EL MORENO"",1,107,""EL CUARTON",8,CHURRIANA ,,,]
2025-03-31T11:23:50.643+02:00  WARN 14912 --- [practica52] [ taskExecutor-5] c.e.p.listener.SkipListenerConfig        : Error de lectura  en Parsing error at line: 118373 in resource=[file [C:\Users\6003351\Desktop\BackUps\practicas-p5Gonzalo\src\main\resources\tramos_calle_BarrioDismuniOneMillion.csv]], input=[21699,CL,"RAFAEL ""EL MORENO"",2,44,""EL CUARTON",8,CHURRIANA ,,,]
2025-03-31T11:23:50.731+02:00  WARN 14912 --- [practica52] [ taskExecutor-5] c.e.p.listener.SkipListenerConfig        : Error de lectura  en Parsing error at line: 121732 in resource=[file [C:\Users\6003351\Desktop\BackUps\practicas-p5Gonzalo\src\main\resources\tramos_calle_BarrioDismuniOneMillion.csv]], input=[5428,PL,"ANTONIO ASENSI ""EL CHICUELO"",1,3,""EL PALO ",2,ESTE,,,]
2025-03-31T11:23:50.731+02:00  WARN 14912 --- [practica52] [ taskExecutor-5] c.e.p.listener.SkipListenerConfig        : Error de lectura  en Parsing error at line: 121737 in resource=[file [C:\Users\6003351\Desktop\BackUps\practicas-p5Gonzalo\src\main\resources\tramos_calle_BarrioDismuniOneMillion.csv]], input=[5428,PL,"ANTONIO ASENSI ""EL CHICUELO"",2,2,""EL PALO ",2,ESTE,,,]
2025-03-31T11:23:50.847+02:00  WARN 14912 --- [practica52] [ taskExecutor-2] c.e.p.listener.SkipListenerConfig        : Error de lectura  en Parsing error at line: 125262 in resource=[file [C:\Users\6003351\Desktop\BackUps\practicas-p5Gonzalo\src\main\resources\tramos_calle_BarrioDismuniOneMillion.csv]], input=[21683,CL,"ENRIQUETA ""LA REPOMPA"",1,95,""EL CUARTON",8,CHURRIANA ,,,]
2025-03-31T11:23:50.847+02:00  WARN 14912 --- [practica52] [ taskExecutor-3] c.e.p.listener.SkipListenerConfig        : Error de lectura  en Parsing error at line: 125262 in resource=[file [C:\Users\6003351\Desktop\BackUps\practicas-p5Gonzalo\src\main\resources\tramos_calle_BarrioDismuniOneMillion.csv]], input=[21683,CL,"ENRIQUETA ""LA REPOMPA"",2,106,""EL CUARTON",8,CHURRIANA ,,,]
2025-03-31T11:23:50.911+02:00  WARN 14912 --- [practica52] [ taskExecutor-5] c.e.p.listener.SkipListenerConfig        : Error de lectura  en Parsing error at line: 127759 in resource=[file [C:\Users\6003351\Desktop\BackUps\practicas-p5Gonzalo\src\main\resources\tramos_calle_BarrioDismuniOneMillion.csv]], input=[37774,PL,"JUAN GOMEZ ""JUANITO"",1,9,""EL HIGUERAL ",7,CARRETERA DE CADIZ,,,]
2025-03-31T11:23:50.911+02:00  WARN 14912 --- [practica52] [ taskExecutor-5] c.e.p.listener.SkipListenerConfig        : Error de lectura  en Parsing error at line: 127827 in resource=[file [C:\Users\6003351\Desktop\BackUps\practicas-p5Gonzalo\src\main\resources\tramos_calle_BarrioDismuniOneMillion.csv]], input=[11985,PQUE,"JUAN ROSA ""EL PULGA"",2,2,""CIUDAD JARD?N ",3,CIUDAD JARDIN ,,,]
2025-03-31T11:23:50.911+02:00  WARN 14912 --- [practica52] [ taskExecutor-1] c.e.p.listener.SkipListenerConfig        : Error de lectura  en Parsing error at line: 127759 in resource=[file [C:\Users\6003351\Desktop\BackUps\practicas-p5Gonzalo\src\main\resources\tramos_calle_BarrioDismuniOneMillion.csv]], input=[37774,PL,"JUAN GOMEZ ""JUANITO"",2,10,""EL HIGUERAL ",7,CARRETERA DE CADIZ,,,]
2025-03-31T11:23:50.913+02:00  WARN 14912 --- [practica52] [ taskExecutor-2] c.e.p.listener.SkipListenerConfig        : Error de lectura  en Parsing error at line: 127827 in resource=[file [C:\Users\6003351\Desktop\BackUps\practicas-p5Gonzalo\src\main\resources\tramos_calle_BarrioDismuniOneMillion.csv]], input=[11985,PQUE,"JUAN ROSA ""EL PULGA"",1,1,""CIUDAD JARD?N ",3,CIUDAD JARDIN ,,,]
2025-03-31T11:23:50.927+02:00  WARN 14912 --- [practica52] [ taskExecutor-1] c.e.p.listener.SkipListenerConfig        : Error de lectura  en Parsing error at line: 128472 in resource=[file [C:\Users\6003351\Desktop\BackUps\practicas-p5Gonzalo\src\main\resources\tramos_calle_BarrioDismuniOneMillion.csv]], input=[39700,CL,"LEOPOLDO ALAS ""CLARIN"",1,9,""JARDIN DE LA ABADIA ",7,CARRETERA DE CADIZ,,,]
2025-03-31T11:23:50.929+02:00  WARN 14912 --- [practica52] [ taskExecutor-4] c.e.p.listener.SkipListenerConfig        : Error de lectura  en Parsing error at line: 128472 in resource=[file [C:\Users\6003351\Desktop\BackUps\practicas-p5Gonzalo\src\main\resources\tramos_calle_BarrioDismuniOneMillion.csv]], input=[39700,CL,"LEOPOLDO ALAS ""CLARIN"",2,10,""JARDIN DE LA ABADIA ",7,CARRETERA DE CADIZ,,,]
2025-03-31T11:23:51.079+02:00  WARN 14912 --- [practica52] [ taskExecutor-5] c.e.p.listener.SkipListenerConfig        : Error de lectura  en Parsing error at line: 131814 in resource=[file [C:\Users\6003351\Desktop\BackUps\practicas-p5Gonzalo\src\main\resources\tramos_calle_BarrioDismuniOneMillion.csv]], input=[21699,CL,"RAFAEL ""EL MORENO"",1,107,""EL CUARTON",8,CHURRIANA ,,,]
2025-03-31T11:23:51.081+02:00  WARN 14912 --- [practica52] [ taskExecutor-1] c.e.p.listener.SkipListenerConfig        : Error de lectura  en Parsing error at line: 131814 in resource=[file [C:\Users\6003351\Desktop\BackUps\practicas-p5Gonzalo\src\main\resources\tramos_calle_BarrioDismuniOneMillion.csv]], input=[21699,CL,"RAFAEL ""EL MORENO"",2,44,""EL CUARTON",8,CHURRIANA ,,,]
2025-03-31T11:23:51.177+02:00  WARN 14912 --- [practica52] [ taskExecutor-4] c.e.p.listener.SkipListenerConfig        : Error de lectura  en Parsing error at line: 135170 in resource=[file [C:\Users\6003351\Desktop\BackUps\practicas-p5Gonzalo\src\main\resources\tramos_calle_BarrioDismuniOneMillion.csv]], input=[5428,PL,"ANTONIO ASENSI ""EL CHICUELO"",1,3,""EL PALO ",2,ESTE,,,]
2025-03-31T11:23:51.177+02:00  WARN 14912 --- [practica52] [ taskExecutor-2] c.e.p.listener.SkipListenerConfig        : Error de lectura  en Parsing error at line: 135170 in resource=[file [C:\Users\6003351\Desktop\BackUps\practicas-p5Gonzalo\src\main\resources\tramos_calle_BarrioDismuniOneMillion.csv]], input=[5428,PL,"ANTONIO ASENSI ""EL CHICUELO"",2,2,""EL PALO ",2,ESTE,,,]
2025-03-31T11:23:51.336+02:00  WARN 14912 --- [practica52] [ taskExecutor-5] c.e.p.listener.SkipListenerConfig        : Error de lectura  en Parsing error at line: 138691 in resource=[file [C:\Users\6003351\Desktop\BackUps\practicas-p5Gonzalo\src\main\resources\tramos_calle_BarrioDismuniOneMillion.csv]], input=[21683,CL,"ENRIQUETA ""LA REPOMPA"",1,95,""EL CUARTON",8,CHURRIANA ,,,]
2025-03-31T11:23:51.342+02:00  WARN 14912 --- [practica52] [ taskExecutor-2] c.e.p.listener.SkipListenerConfig        : Error de lectura  en Parsing error at line: 138691 in resource=[file [C:\Users\6003351\Desktop\BackUps\practicas-p5Gonzalo\src\main\resources\tramos_calle_BarrioDismuniOneMillion.csv]], input=[21683,CL,"ENRIQUETA ""LA REPOMPA"",2,106,""EL CUARTON",8,CHURRIANA ,,,]
2025-03-31T11:23:51.413+02:00  WARN 14912 --- [practica52] [ taskExecutor-3] c.e.p.listener.SkipListenerConfig        : Error de lectura  en Parsing error at line: 141191 in resource=[file [C:\Users\6003351\Desktop\BackUps\practicas-p5Gonzalo\src\main\resources\tramos_calle_BarrioDismuniOneMillion.csv]], input=[37774,PL,"JUAN GOMEZ ""JUANITO"",2,10,""EL HIGUERAL ",7,CARRETERA DE CADIZ,,,]
2025-03-31T11:23:51.414+02:00  WARN 14912 --- [practica52] [ taskExecutor-1] c.e.p.listener.SkipListenerConfig        : Error de lectura  en Parsing error at line: 141191 in resource=[file [C:\Users\6003351\Desktop\BackUps\practicas-p5Gonzalo\src\main\resources\tramos_calle_BarrioDismuniOneMillion.csv]], input=[37774,PL,"JUAN GOMEZ ""JUANITO"",1,9,""EL HIGUERAL ",7,CARRETERA DE CADIZ,,,]
2025-03-31T11:23:51.425+02:00  WARN 14912 --- [practica52] [ taskExecutor-5] c.e.p.listener.SkipListenerConfig        : Error de lectura  en Parsing error at line: 141253 in resource=[file [C:\Users\6003351\Desktop\BackUps\practicas-p5Gonzalo\src\main\resources\tramos_calle_BarrioDismuniOneMillion.csv]], input=[11985,PQUE,"JUAN ROSA ""EL PULGA"",1,1,""CIUDAD JARD?N ",3,CIUDAD JARDIN ,,,]
2025-03-31T11:23:51.426+02:00  WARN 14912 --- [practica52] [ taskExecutor-1] c.e.p.listener.SkipListenerConfig        : Error de lectura  en Parsing error at line: 141253 in resource=[file [C:\Users\6003351\Desktop\BackUps\practicas-p5Gonzalo\src\main\resources\tramos_calle_BarrioDismuniOneMillion.csv]], input=[11985,PQUE,"JUAN ROSA ""EL PULGA"",2,2,""CIUDAD JARD?N ",3,CIUDAD JARDIN ,,,]
2025-03-31T11:23:51.439+02:00  WARN 14912 --- [practica52] [ taskExecutor-5] c.e.p.listener.SkipListenerConfig        : Error de lectura  en Parsing error at line: 141904 in resource=[file [C:\Users\6003351\Desktop\BackUps\practicas-p5Gonzalo\src\main\resources\tramos_calle_BarrioDismuniOneMillion.csv]], input=[39700,CL,"LEOPOLDO ALAS ""CLARIN"",2,10,""JARDIN DE LA ABADIA ",7,CARRETERA DE CADIZ,,,]
2025-03-31T11:23:51.442+02:00  WARN 14912 --- [practica52] [ taskExecutor-3] c.e.p.listener.SkipListenerConfig        : Error de lectura  en Parsing error at line: 141904 in resource=[file [C:\Users\6003351\Desktop\BackUps\practicas-p5Gonzalo\src\main\resources\tramos_calle_BarrioDismuniOneMillion.csv]], input=[39700,CL,"LEOPOLDO ALAS ""CLARIN"",1,9,""JARDIN DE LA ABADIA ",7,CARRETERA DE CADIZ,,,]
2025-03-31T11:23:51.539+02:00  WARN 14912 --- [practica52] [ taskExecutor-4] c.e.p.listener.SkipListenerConfig        : Error de lectura  en Parsing error at line: 145237 in resource=[file [C:\Users\6003351\Desktop\BackUps\practicas-p5Gonzalo\src\main\resources\tramos_calle_BarrioDismuniOneMillion.csv]], input=[21699,CL,"RAFAEL ""EL MORENO"",2,44,""EL CUARTON",8,CHURRIANA ,,,]
2025-03-31T11:23:51.540+02:00  WARN 14912 --- [practica52] [ taskExecutor-2] c.e.p.listener.SkipListenerConfig        : Error de lectura  en Parsing error at line: 145237 in resource=[file [C:\Users\6003351\Desktop\BackUps\practicas-p5Gonzalo\src\main\resources\tramos_calle_BarrioDismuniOneMillion.csv]], input=[21699,CL,"RAFAEL ""EL MORENO"",1,107,""EL CUARTON",8,CHURRIANA ,,,]
2025-03-31T11:23:51.642+02:00  WARN 14912 --- [practica52] [ taskExecutor-3] c.e.p.listener.SkipListenerConfig        : Error de lectura  en Parsing error at line: 148595 in resource=[file [C:\Users\6003351\Desktop\BackUps\practicas-p5Gonzalo\src\main\resources\tramos_calle_BarrioDismuniOneMillion.csv]], input=[5428,PL,"ANTONIO ASENSI ""EL CHICUELO"",1,3,""EL PALO ",2,ESTE,,,]
2025-03-31T11:23:51.643+02:00  WARN 14912 --- [practica52] [ taskExecutor-3] c.e.p.listener.SkipListenerConfig        : Error de lectura  en Parsing error at line: 148596 in resource=[file [C:\Users\6003351\Desktop\BackUps\practicas-p5Gonzalo\src\main\resources\tramos_calle_BarrioDismuniOneMillion.csv]], input=[5428,PL,"ANTONIO ASENSI ""EL CHICUELO"",2,2,""EL PALO ",2,ESTE,,,]
2025-03-31T11:23:51.794+02:00  WARN 14912 --- [practica52] [ taskExecutor-4] c.e.p.listener.SkipListenerConfig        : Error de lectura  en Parsing error at line: 152124 in resource=[file [C:\Users\6003351\Desktop\BackUps\practicas-p5Gonzalo\src\main\resources\tramos_calle_BarrioDismuniOneMillion.csv]], input=[21683,CL,"ENRIQUETA ""LA REPOMPA"",2,106,""EL CUARTON",8,CHURRIANA ,,,]
2025-03-31T11:23:51.803+02:00  WARN 14912 --- [practica52] [ taskExecutor-2] c.e.p.listener.SkipListenerConfig        : Error de lectura  en Parsing error at line: 152124 in resource=[file [C:\Users\6003351\Desktop\BackUps\practicas-p5Gonzalo\src\main\resources\tramos_calle_BarrioDismuniOneMillion.csv]], input=[21683,CL,"ENRIQUETA ""LA REPOMPA"",1,95,""EL CUARTON",8,CHURRIANA ,,,]
2025-03-31T11:23:51.872+02:00  WARN 14912 --- [practica52] [ taskExecutor-4] c.e.p.listener.SkipListenerConfig        : Error de lectura  en Parsing error at line: 154621 in resource=[file [C:\Users\6003351\Desktop\BackUps\practicas-p5Gonzalo\src\main\resources\tramos_calle_BarrioDismuniOneMillion.csv]], input=[37774,PL,"JUAN GOMEZ ""JUANITO"",1,9,""EL HIGUERAL ",7,CARRETERA DE CADIZ,,,]
2025-03-31T11:23:51.876+02:00  WARN 14912 --- [practica52] [ taskExecutor-4] c.e.p.listener.SkipListenerConfig        : Error de lectura  en Parsing error at line: 154622 in resource=[file [C:\Users\6003351\Desktop\BackUps\practicas-p5Gonzalo\src\main\resources\tramos_calle_BarrioDismuniOneMillion.csv]], input=[37774,PL,"JUAN GOMEZ ""JUANITO"",2,10,""EL HIGUERAL ",7,CARRETERA DE CADIZ,,,]
2025-03-31T11:23:51.877+02:00  WARN 14912 --- [practica52] [ taskExecutor-1] c.e.p.listener.SkipListenerConfig        : Error de lectura  en Parsing error at line: 154684 in resource=[file [C:\Users\6003351\Desktop\BackUps\practicas-p5Gonzalo\src\main\resources\tramos_calle_BarrioDismuniOneMillion.csv]], input=[11985,PQUE,"JUAN ROSA ""EL PULGA"",1,1,""CIUDAD JARD?N ",3,CIUDAD JARDIN ,,,]
2025-03-31T11:23:51.877+02:00  WARN 14912 --- [practica52] [ taskExecutor-5] c.e.p.listener.SkipListenerConfig        : Error de lectura  en Parsing error at line: 154684 in resource=[file [C:\Users\6003351\Desktop\BackUps\practicas-p5Gonzalo\src\main\resources\tramos_calle_BarrioDismuniOneMillion.csv]], input=[11985,PQUE,"JUAN ROSA ""EL PULGA"",2,2,""CIUDAD JARD?N ",3,CIUDAD JARDIN ,,,]
2025-03-31T11:23:51.899+02:00  WARN 14912 --- [practica52] [ taskExecutor-2] c.e.p.listener.SkipListenerConfig        : Error de lectura  en Parsing error at line: 155335 in resource=[file [C:\Users\6003351\Desktop\BackUps\practicas-p5Gonzalo\src\main\resources\tramos_calle_BarrioDismuniOneMillion.csv]], input=[39700,CL,"LEOPOLDO ALAS ""CLARIN"",2,10,""JARDIN DE LA ABADIA ",7,CARRETERA DE CADIZ,,,]
2025-03-31T11:23:51.904+02:00  WARN 14912 --- [practica52] [ taskExecutor-5] c.e.p.listener.SkipListenerConfig        : Error de lectura  en Parsing error at line: 155335 in resource=[file [C:\Users\6003351\Desktop\BackUps\practicas-p5Gonzalo\src\main\resources\tramos_calle_BarrioDismuniOneMillion.csv]], input=[39700,CL,"LEOPOLDO ALAS ""CLARIN"",1,9,""JARDIN DE LA ABADIA ",7,CARRETERA DE CADIZ,,,]
2025-03-31T11:23:52.017+02:00  WARN 14912 --- [practica52] [ taskExecutor-2] c.e.p.listener.SkipListenerConfig        : Error de lectura  en Parsing error at line: 158667 in resource=[file [C:\Users\6003351\Desktop\BackUps\practicas-p5Gonzalo\src\main\resources\tramos_calle_BarrioDismuniOneMillion.csv]], input=[21699,CL,"RAFAEL ""EL MORENO"",1,107,""EL CUARTON",8,CHURRIANA ,,,]
2025-03-31T11:23:52.017+02:00  WARN 14912 --- [practica52] [ taskExecutor-2] c.e.p.listener.SkipListenerConfig        : Error de lectura  en Parsing error at line: 158668 in resource=[file [C:\Users\6003351\Desktop\BackUps\practicas-p5Gonzalo\src\main\resources\tramos_calle_BarrioDismuniOneMillion.csv]], input=[21699,CL,"RAFAEL ""EL MORENO"",2,44,""EL CUARTON",8,CHURRIANA ,,,]
2025-03-31T11:23:52.100+02:00  WARN 14912 --- [practica52] [ taskExecutor-4] c.e.p.listener.SkipListenerConfig        : Error de lectura  en Parsing error at line: 162040 in resource=[file [C:\Users\6003351\Desktop\BackUps\practicas-p5Gonzalo\src\main\resources\tramos_calle_BarrioDismuniOneMillion.csv]], input=[5428,PL,"ANTONIO ASENSI ""EL CHICUELO"",2,2,""EL PALO ",2,ESTE,,,]
2025-03-31T11:23:52.104+02:00  WARN 14912 --- [practica52] [ taskExecutor-3] c.e.p.listener.SkipListenerConfig        : Error de lectura  en Parsing error at line: 162040 in resource=[file [C:\Users\6003351\Desktop\BackUps\practicas-p5Gonzalo\src\main\resources\tramos_calle_BarrioDismuniOneMillion.csv]], input=[5428,PL,"ANTONIO ASENSI ""EL CHICUELO"",1,3,""EL PALO ",2,ESTE,,,]
2025-03-31T11:23:52.187+02:00  WARN 14912 --- [practica52] [ taskExecutor-2] c.e.p.listener.SkipListenerConfig        : Error de lectura  en Parsing error at line: 165549 in resource=[file [C:\Users\6003351\Desktop\BackUps\practicas-p5Gonzalo\src\main\resources\tramos_calle_BarrioDismuniOneMillion.csv]], input=[21683,CL,"ENRIQUETA ""LA REPOMPA"",1,95,""EL CUARTON",8,CHURRIANA ,,,]
2025-03-31T11:23:52.187+02:00  WARN 14912 --- [practica52] [ taskExecutor-2] c.e.p.listener.SkipListenerConfig        : Error de lectura  en Parsing error at line: 165550 in resource=[file [C:\Users\6003351\Desktop\BackUps\practicas-p5Gonzalo\src\main\resources\tramos_calle_BarrioDismuniOneMillion.csv]], input=[21683,CL,"ENRIQUETA ""LA REPOMPA"",2,106,""EL CUARTON",8,CHURRIANA ,,,]
2025-03-31T11:23:52.245+02:00  WARN 14912 --- [practica52] [ taskExecutor-2] c.e.p.listener.SkipListenerConfig        : Error de lectura  en Parsing error at line: 168053 in resource=[file [C:\Users\6003351\Desktop\BackUps\practicas-p5Gonzalo\src\main\resources\tramos_calle_BarrioDismuniOneMillion.csv]], input=[37774,PL,"JUAN GOMEZ ""JUANITO"",1,9,""EL HIGUERAL ",7,CARRETERA DE CADIZ,,,]
2025-03-31T11:23:52.245+02:00  WARN 14912 --- [practica52] [ taskExecutor-2] c.e.p.listener.SkipListenerConfig        : Error de lectura  en Parsing error at line: 168054 in resource=[file [C:\Users\6003351\Desktop\BackUps\practicas-p5Gonzalo\src\main\resources\tramos_calle_BarrioDismuniOneMillion.csv]], input=[37774,PL,"JUAN GOMEZ ""JUANITO"",2,10,""EL HIGUERAL ",7,CARRETERA DE CADIZ,,,]
2025-03-31T11:23:52.245+02:00  WARN 14912 --- [practica52] [ taskExecutor-2] c.e.p.listener.SkipListenerConfig        : Error de lectura  en Parsing error at line: 168116 in resource=[file [C:\Users\6003351\Desktop\BackUps\practicas-p5Gonzalo\src\main\resources\tramos_calle_BarrioDismuniOneMillion.csv]], input=[11985,PQUE,"JUAN ROSA ""EL PULGA"",1,1,""CIUDAD JARD?N ",3,CIUDAD JARDIN ,,,]
2025-03-31T11:23:52.247+02:00  WARN 14912 --- [practica52] [ taskExecutor-3] c.e.p.listener.SkipListenerConfig        : Error de lectura  en Parsing error at line: 168116 in resource=[file [C:\Users\6003351\Desktop\BackUps\practicas-p5Gonzalo\src\main\resources\tramos_calle_BarrioDismuniOneMillion.csv]], input=[11985,PQUE,"JUAN ROSA ""EL PULGA"",2,2,""CIUDAD JARD?N ",3,CIUDAD JARDIN ,,,]
2025-03-31T11:23:52.255+02:00  WARN 14912 --- [practica52] [ taskExecutor-2] c.e.p.listener.SkipListenerConfig        : Error de lectura  en Parsing error at line: 168773 in resource=[file [C:\Users\6003351\Desktop\BackUps\practicas-p5Gonzalo\src\main\resources\tramos_calle_BarrioDismuniOneMillion.csv]], input=[39700,CL,"LEOPOLDO ALAS ""CLARIN"",1,9,""JARDIN DE LA ABADIA ",7,CARRETERA DE CADIZ,,,]
2025-03-31T11:23:52.256+02:00  WARN 14912 --- [practica52] [ taskExecutor-4] c.e.p.listener.SkipListenerConfig        : Error de lectura  en Parsing error at line: 168773 in resource=[file [C:\Users\6003351\Desktop\BackUps\practicas-p5Gonzalo\src\main\resources\tramos_calle_BarrioDismuniOneMillion.csv]], input=[39700,CL,"LEOPOLDO ALAS ""CLARIN"",2,10,""JARDIN DE LA ABADIA ",7,CARRETERA DE CADIZ,,,]
2025-03-31T11:23:52.337+02:00  WARN 14912 --- [practica52] [ taskExecutor-4] c.e.p.listener.SkipListenerConfig        : Error de lectura  en Parsing error at line: 172110 in resource=[file [C:\Users\6003351\Desktop\BackUps\practicas-p5Gonzalo\src\main\resources\tramos_calle_BarrioDismuniOneMillion.csv]], input=[21699,CL,"RAFAEL ""EL MORENO"",1,107,""EL CUARTON",8,CHURRIANA ,,,]
2025-03-31T11:23:52.338+02:00  WARN 14912 --- [practica52] [ taskExecutor-5] c.e.p.listener.SkipListenerConfig        : Error de lectura  en Parsing error at line: 172110 in resource=[file [C:\Users\6003351\Desktop\BackUps\practicas-p5Gonzalo\src\main\resources\tramos_calle_BarrioDismuniOneMillion.csv]], input=[21699,CL,"RAFAEL ""EL MORENO"",2,44,""EL CUARTON",8,CHURRIANA ,,,]
2025-03-31T11:23:52.455+02:00  WARN 14912 --- [practica52] [ taskExecutor-5] c.e.p.listener.SkipListenerConfig        : Error de lectura  en Parsing error at line: 175471 in resource=[file [C:\Users\6003351\Desktop\BackUps\practicas-p5Gonzalo\src\main\resources\tramos_calle_BarrioDismuniOneMillion.csv]], input=[5428,PL,"ANTONIO ASENSI ""EL CHICUELO"",1,3,""EL PALO ",2,ESTE,,,]
2025-03-31T11:23:52.455+02:00  WARN 14912 --- [practica52] [ taskExecutor-2] c.e.p.listener.SkipListenerConfig        : Error de lectura  en Parsing error at line: 175471 in resource=[file [C:\Users\6003351\Desktop\BackUps\practicas-p5Gonzalo\src\main\resources\tramos_calle_BarrioDismuniOneMillion.csv]], input=[5428,PL,"ANTONIO ASENSI ""EL CHICUELO"",2,2,""EL PALO ",2,ESTE,,,]
2025-03-31T11:23:52.537+02:00  WARN 14912 --- [practica52] [ taskExecutor-3] c.e.p.listener.SkipListenerConfig        : Error de lectura  en Parsing error at line: 179041 in resource=[file [C:\Users\6003351\Desktop\BackUps\practicas-p5Gonzalo\src\main\resources\tramos_calle_BarrioDismuniOneMillion.csv]], input=[21683,CL,"ENRIQUETA ""LA REPOMPA"",2,106,""EL CUARTON",8,CHURRIANA ,,,]
2025-03-31T11:23:52.539+02:00  WARN 14912 --- [practica52] [ taskExecutor-5] c.e.p.listener.SkipListenerConfig        : Error de lectura  en Parsing error at line: 178987 in resource=[file [C:\Users\6003351\Desktop\BackUps\practicas-p5Gonzalo\src\main\resources\tramos_calle_BarrioDismuniOneMillion.csv]], input=[21683,CL,"ENRIQUETA ""LA REPOMPA"",1,95,""EL CUARTON",8,CHURRIANA ,,,]
2025-03-31T11:23:52.594+02:00  WARN 14912 --- [practica52] [ taskExecutor-4] c.e.p.listener.SkipListenerConfig        : Error de lectura  en Parsing error at line: 181488 in resource=[file [C:\Users\6003351\Desktop\BackUps\practicas-p5Gonzalo\src\main\resources\tramos_calle_BarrioDismuniOneMillion.csv]], input=[37774,PL,"JUAN GOMEZ ""JUANITO"",1,9,""EL HIGUERAL ",7,CARRETERA DE CADIZ,,,]
2025-03-31T11:23:52.594+02:00  WARN 14912 --- [practica52] [ taskExecutor-4] c.e.p.listener.SkipListenerConfig        : Error de lectura  en Parsing error at line: 181557 in resource=[file [C:\Users\6003351\Desktop\BackUps\practicas-p5Gonzalo\src\main\resources\tramos_calle_BarrioDismuniOneMillion.csv]], input=[11985,PQUE,"JUAN ROSA ""EL PULGA"",2,2,""CIUDAD JARD?N ",3,CIUDAD JARDIN ,,,]
2025-03-31T11:23:52.595+02:00  WARN 14912 --- [practica52] [ taskExecutor-2] c.e.p.listener.SkipListenerConfig        : Error de lectura  en Parsing error at line: 181558 in resource=[file [C:\Users\6003351\Desktop\BackUps\practicas-p5Gonzalo\src\main\resources\tramos_calle_BarrioDismuniOneMillion.csv]], input=[11985,PQUE,"JUAN ROSA ""EL PULGA"",1,1,""CIUDAD JARD?N ",3,CIUDAD JARDIN ,,,]
2025-03-31T11:23:52.596+02:00  WARN 14912 --- [practica52] [ taskExecutor-5] c.e.p.listener.SkipListenerConfig        : Error de lectura  en Parsing error at line: 181488 in resource=[file [C:\Users\6003351\Desktop\BackUps\practicas-p5Gonzalo\src\main\resources\tramos_calle_BarrioDismuniOneMillion.csv]], input=[37774,PL,"JUAN GOMEZ ""JUANITO"",2,10,""EL HIGUERAL ",7,CARRETERA DE CADIZ,,,]
2025-03-31T11:23:52.611+02:00  WARN 14912 --- [practica52] [ taskExecutor-4] c.e.p.listener.SkipListenerConfig        : Error de lectura  en Parsing error at line: 182199 in resource=[file [C:\Users\6003351\Desktop\BackUps\practicas-p5Gonzalo\src\main\resources\tramos_calle_BarrioDismuniOneMillion.csv]], input=[39700,CL,"LEOPOLDO ALAS ""CLARIN"",2,10,""JARDIN DE LA ABADIA ",7,CARRETERA DE CADIZ,,,]
2025-03-31T11:23:52.611+02:00  WARN 14912 --- [practica52] [ taskExecutor-1] c.e.p.listener.SkipListenerConfig        : Error de lectura  en Parsing error at line: 182199 in resource=[file [C:\Users\6003351\Desktop\BackUps\practicas-p5Gonzalo\src\main\resources\tramos_calle_BarrioDismuniOneMillion.csv]], input=[39700,CL,"LEOPOLDO ALAS ""CLARIN"",1,9,""JARDIN DE LA ABADIA ",7,CARRETERA DE CADIZ,,,]
2025-03-31T11:23:52.692+02:00  WARN 14912 --- [practica52] [ taskExecutor-4] c.e.p.listener.SkipListenerConfig        : Error de lectura  en Parsing error at line: 185544 in resource=[file [C:\Users\6003351\Desktop\BackUps\practicas-p5Gonzalo\src\main\resources\tramos_calle_BarrioDismuniOneMillion.csv]], input=[21699,CL,"RAFAEL ""EL MORENO"",2,44,""EL CUARTON",8,CHURRIANA ,,,]
2025-03-31T11:23:52.692+02:00  WARN 14912 --- [practica52] [ taskExecutor-1] c.e.p.listener.SkipListenerConfig        : Error de lectura  en Parsing error at line: 185544 in resource=[file [C:\Users\6003351\Desktop\BackUps\practicas-p5Gonzalo\src\main\resources\tramos_calle_BarrioDismuniOneMillion.csv]], input=[21699,CL,"RAFAEL ""EL MORENO"",1,107,""EL CUARTON",8,CHURRIANA ,,,]
2025-03-31T11:23:52.825+02:00  WARN 14912 --- [practica52] [ taskExecutor-5] c.e.p.listener.SkipListenerConfig        : Error de lectura  en Parsing error at line: 188892 in resource=[file [C:\Users\6003351\Desktop\BackUps\practicas-p5Gonzalo\src\main\resources\tramos_calle_BarrioDismuniOneMillion.csv]], input=[5428,PL,"ANTONIO ASENSI ""EL CHICUELO"",2,2,""EL PALO ",2,ESTE,,,]
2025-03-31T11:23:52.825+02:00  WARN 14912 --- [practica52] [ taskExecutor-2] c.e.p.listener.SkipListenerConfig        : Error de lectura  en Parsing error at line: 188892 in resource=[file [C:\Users\6003351\Desktop\BackUps\practicas-p5Gonzalo\src\main\resources\tramos_calle_BarrioDismuniOneMillion.csv]], input=[5428,PL,"ANTONIO ASENSI ""EL CHICUELO"",1,3,""EL PALO ",2,ESTE,,,]
2025-03-31T11:23:52.975+02:00  WARN 14912 --- [practica52] [ taskExecutor-3] c.e.p.listener.SkipListenerConfig        : Error de lectura  en Parsing error at line: 192414 in resource=[file [C:\Users\6003351\Desktop\BackUps\practicas-p5Gonzalo\src\main\resources\tramos_calle_BarrioDismuniOneMillion.csv]], input=[21683,CL,"ENRIQUETA ""LA REPOMPA"",2,106,""EL CUARTON",8,CHURRIANA ,,,]
2025-03-31T11:23:52.975+02:00  WARN 14912 --- [practica52] [ taskExecutor-2] c.e.p.listener.SkipListenerConfig        : Error de lectura  en Parsing error at line: 192414 in resource=[file [C:\Users\6003351\Desktop\BackUps\practicas-p5Gonzalo\src\main\resources\tramos_calle_BarrioDismuniOneMillion.csv]], input=[21683,CL,"ENRIQUETA ""LA REPOMPA"",1,95,""EL CUARTON",8,CHURRIANA ,,,]
2025-03-31T11:23:53.111+02:00  WARN 14912 --- [practica52] [ taskExecutor-1] c.e.p.listener.SkipListenerConfig        : Error de lectura  en Parsing error at line: 194925 in resource=[file [C:\Users\6003351\Desktop\BackUps\practicas-p5Gonzalo\src\main\resources\tramos_calle_BarrioDismuniOneMillion.csv]], input=[37774,PL,"JUAN GOMEZ ""JUANITO"",1,9,""EL HIGUERAL ",7,CARRETERA DE CADIZ,,,]
2025-03-31T11:23:53.111+02:00  WARN 14912 --- [practica52] [ taskExecutor-4] c.e.p.listener.SkipListenerConfig        : Error de lectura  en Parsing error at line: 194984 in resource=[file [C:\Users\6003351\Desktop\BackUps\practicas-p5Gonzalo\src\main\resources\tramos_calle_BarrioDismuniOneMillion.csv]], input=[11985,PQUE,"JUAN ROSA ""EL PULGA"",2,2,""CIUDAD JARD?N ",3,CIUDAD JARDIN ,,,]
2025-03-31T11:23:53.115+02:00  WARN 14912 --- [practica52] [ taskExecutor-2] c.e.p.listener.SkipListenerConfig        : Error de lectura  en Parsing error at line: 194925 in resource=[file [C:\Users\6003351\Desktop\BackUps\practicas-p5Gonzalo\src\main\resources\tramos_calle_BarrioDismuniOneMillion.csv]], input=[37774,PL,"JUAN GOMEZ ""JUANITO"",2,10,""EL HIGUERAL ",7,CARRETERA DE CADIZ,,,]
2025-03-31T11:23:53.115+02:00  WARN 14912 --- [practica52] [ taskExecutor-2] c.e.p.listener.SkipListenerConfig        : Error de lectura  en Parsing error at line: 194984 in resource=[file [C:\Users\6003351\Desktop\BackUps\practicas-p5Gonzalo\src\main\resources\tramos_calle_BarrioDismuniOneMillion.csv]], input=[11985,PQUE,"JUAN ROSA ""EL PULGA"",1,1,""CIUDAD JARD?N ",3,CIUDAD JARDIN ,,,]
2025-03-31T11:23:53.132+02:00  WARN 14912 --- [practica52] [ taskExecutor-1] c.e.p.listener.SkipListenerConfig        : Error de lectura  en Parsing error at line: 195639 in resource=[file [C:\Users\6003351\Desktop\BackUps\practicas-p5Gonzalo\src\main\resources\tramos_calle_BarrioDismuniOneMillion.csv]], input=[39700,CL,"LEOPOLDO ALAS ""CLARIN"",2,10,""JARDIN DE LA ABADIA ",7,CARRETERA DE CADIZ,,,]
2025-03-31T11:23:53.133+02:00  WARN 14912 --- [practica52] [ taskExecutor-3] c.e.p.listener.SkipListenerConfig        : Error de lectura  en Parsing error at line: 195639 in resource=[file [C:\Users\6003351\Desktop\BackUps\practicas-p5Gonzalo\src\main\resources\tramos_calle_BarrioDismuniOneMillion.csv]], input=[39700,CL,"LEOPOLDO ALAS ""CLARIN"",1,9,""JARDIN DE LA ABADIA ",7,CARRETERA DE CADIZ,,,]
2025-03-31T11:23:53.226+02:00  WARN 14912 --- [practica52] [ taskExecutor-1] c.e.p.listener.SkipListenerConfig        : Error de lectura  en Parsing error at line: 198964 in resource=[file [C:\Users\6003351\Desktop\BackUps\practicas-p5Gonzalo\src\main\resources\tramos_calle_BarrioDismuniOneMillion.csv]], input=[21699,CL,"RAFAEL ""EL MORENO"",1,107,""EL CUARTON",8,CHURRIANA ,,,]
2025-03-31T11:23:53.234+02:00  WARN 14912 --- [practica52] [ taskExecutor-3] c.e.p.listener.SkipListenerConfig        : Error de lectura  en Parsing error at line: 198964 in resource=[file [C:\Users\6003351\Desktop\BackUps\practicas-p5Gonzalo\src\main\resources\tramos_calle_BarrioDismuniOneMillion.csv]], input=[21699,CL,"RAFAEL ""EL MORENO"",2,44,""EL CUARTON",8,CHURRIANA ,,,]
2025-03-31T11:23:53.312+02:00  WARN 14912 --- [practica52] [ taskExecutor-1] c.e.p.listener.SkipListenerConfig        : Error de lectura  en Parsing error at line: 202323 in resource=[file [C:\Users\6003351\Desktop\BackUps\practicas-p5Gonzalo\src\main\resources\tramos_calle_BarrioDismuniOneMillion.csv]], input=[5428,PL,"ANTONIO ASENSI ""EL CHICUELO"",1,3,""EL PALO ",2,ESTE,,,]
2025-03-31T11:23:53.313+02:00  WARN 14912 --- [practica52] [ taskExecutor-1] c.e.p.listener.SkipListenerConfig        : Error de lectura  en Parsing error at line: 202324 in resource=[file [C:\Users\6003351\Desktop\BackUps\practicas-p5Gonzalo\src\main\resources\tramos_calle_BarrioDismuniOneMillion.csv]], input=[5428,PL,"ANTONIO ASENSI ""EL CHICUELO"",2,2,""EL PALO ",2,ESTE,,,]
2025-03-31T11:23:53.404+02:00  WARN 14912 --- [practica52] [ taskExecutor-1] c.e.p.listener.SkipListenerConfig        : Error de lectura  en Parsing error at line: 205846 in resource=[file [C:\Users\6003351\Desktop\BackUps\practicas-p5Gonzalo\src\main\resources\tramos_calle_BarrioDismuniOneMillion.csv]], input=[21683,CL,"ENRIQUETA ""LA REPOMPA"",1,95,""EL CUARTON",8,CHURRIANA ,,,]
2025-03-31T11:23:53.406+02:00  WARN 14912 --- [practica52] [ taskExecutor-4] c.e.p.listener.SkipListenerConfig        : Error de lectura  en Parsing error at line: 205846 in resource=[file [C:\Users\6003351\Desktop\BackUps\practicas-p5Gonzalo\src\main\resources\tramos_calle_BarrioDismuniOneMillion.csv]], input=[21683,CL,"ENRIQUETA ""LA REPOMPA"",2,106,""EL CUARTON",8,CHURRIANA ,,,]
2025-03-31T11:23:53.473+02:00  WARN 14912 --- [practica52] [ taskExecutor-5] c.e.p.listener.SkipListenerConfig        : Error de lectura  en Parsing error at line: 208351 in resource=[file [C:\Users\6003351\Desktop\BackUps\practicas-p5Gonzalo\src\main\resources\tramos_calle_BarrioDismuniOneMillion.csv]], input=[37774,PL,"JUAN GOMEZ ""JUANITO"",2,10,""EL HIGUERAL ",7,CARRETERA DE CADIZ,,,]
2025-03-31T11:23:53.473+02:00  WARN 14912 --- [practica52] [ taskExecutor-2] c.e.p.listener.SkipListenerConfig        : Error de lectura  en Parsing error at line: 208351 in resource=[file [C:\Users\6003351\Desktop\BackUps\practicas-p5Gonzalo\src\main\resources\tramos_calle_BarrioDismuniOneMillion.csv]], input=[37774,PL,"JUAN GOMEZ ""JUANITO"",1,9,""EL HIGUERAL ",7,CARRETERA DE CADIZ,,,]
2025-03-31T11:23:53.473+02:00  WARN 14912 --- [practica52] [ taskExecutor-2] c.e.p.listener.SkipListenerConfig        : Error de lectura  en Parsing error at line: 208417 in resource=[file [C:\Users\6003351\Desktop\BackUps\practicas-p5Gonzalo\src\main\resources\tramos_calle_BarrioDismuniOneMillion.csv]], input=[11985,PQUE,"JUAN ROSA ""EL PULGA"",1,1,""CIUDAD JARD?N ",3,CIUDAD JARDIN ,,,]
2025-03-31T11:23:53.475+02:00  WARN 14912 --- [practica52] [ taskExecutor-3] c.e.p.listener.SkipListenerConfig        : Error de lectura  en Parsing error at line: 208417 in resource=[file [C:\Users\6003351\Desktop\BackUps\practicas-p5Gonzalo\src\main\resources\tramos_calle_BarrioDismuniOneMillion.csv]], input=[11985,PQUE,"JUAN ROSA ""EL PULGA"",2,2,""CIUDAD JARD?N ",3,CIUDAD JARDIN ,,,]
2025-03-31T11:23:53.484+02:00  WARN 14912 --- [practica52] [ taskExecutor-1] c.e.p.listener.SkipListenerConfig        : Error de lectura  en Parsing error at line: 209063 in resource=[file [C:\Users\6003351\Desktop\BackUps\practicas-p5Gonzalo\src\main\resources\tramos_calle_BarrioDismuniOneMillion.csv]], input=[39700,CL,"LEOPOLDO ALAS ""CLARIN"",2,10,""JARDIN DE LA ABADIA ",7,CARRETERA DE CADIZ,,,]
2025-03-31T11:23:53.491+02:00  WARN 14912 --- [practica52] [ taskExecutor-3] c.e.p.listener.SkipListenerConfig        : Error de lectura  en Parsing error at line: 209063 in resource=[file [C:\Users\6003351\Desktop\BackUps\practicas-p5Gonzalo\src\main\resources\tramos_calle_BarrioDismuniOneMillion.csv]], input=[39700,CL,"LEOPOLDO ALAS ""CLARIN"",1,9,""JARDIN DE LA ABADIA ",7,CARRETERA DE CADIZ,,,]
2025-03-31T11:23:53.581+02:00  WARN 14912 --- [practica52] [ taskExecutor-4] c.e.p.listener.SkipListenerConfig        : Error de lectura  en Parsing error at line: 212395 in resource=[file [C:\Users\6003351\Desktop\BackUps\practicas-p5Gonzalo\src\main\resources\tramos_calle_BarrioDismuniOneMillion.csv]], input=[21699,CL,"RAFAEL ""EL MORENO"",1,107,""EL CUARTON",8,CHURRIANA ,,,]
2025-03-31T11:23:53.582+02:00  WARN 14912 --- [practica52] [ taskExecutor-4] c.e.p.listener.SkipListenerConfig        : Error de lectura  en Parsing error at line: 212396 in resource=[file [C:\Users\6003351\Desktop\BackUps\practicas-p5Gonzalo\src\main\resources\tramos_calle_BarrioDismuniOneMillion.csv]], input=[21699,CL,"RAFAEL ""EL MORENO"",2,44,""EL CUARTON",8,CHURRIANA ,,,]
2025-03-31T11:23:53.690+02:00  WARN 14912 --- [practica52] [ taskExecutor-5] c.e.p.listener.SkipListenerConfig        : Error de lectura  en Parsing error at line: 215755 in resource=[file [C:\Users\6003351\Desktop\BackUps\practicas-p5Gonzalo\src\main\resources\tramos_calle_BarrioDismuniOneMillion.csv]], input=[5428,PL,"ANTONIO ASENSI ""EL CHICUELO"",1,3,""EL PALO ",2,ESTE,,,]
2025-03-31T11:23:53.690+02:00  WARN 14912 --- [practica52] [ taskExecutor-5] c.e.p.listener.SkipListenerConfig        : Error de lectura  en Parsing error at line: 215756 in resource=[file [C:\Users\6003351\Desktop\BackUps\practicas-p5Gonzalo\src\main\resources\tramos_calle_BarrioDismuniOneMillion.csv]], input=[5428,PL,"ANTONIO ASENSI ""EL CHICUELO"",2,2,""EL PALO ",2,ESTE,,,]
2025-03-31T11:23:53.898+02:00  WARN 14912 --- [practica52] [ taskExecutor-1] c.e.p.listener.SkipListenerConfig        : Error de lectura  en Parsing error at line: 219278 in resource=[file [C:\Users\6003351\Desktop\BackUps\practicas-p5Gonzalo\src\main\resources\tramos_calle_BarrioDismuniOneMillion.csv]], input=[21683,CL,"ENRIQUETA ""LA REPOMPA"",1,95,""EL CUARTON",8,CHURRIANA ,,,]
2025-03-31T11:23:53.898+02:00  WARN 14912 --- [practica52] [ taskExecutor-2] c.e.p.listener.SkipListenerConfig        : Error de lectura  en Parsing error at line: 219278 in resource=[file [C:\Users\6003351\Desktop\BackUps\practicas-p5Gonzalo\src\main\resources\tramos_calle_BarrioDismuniOneMillion.csv]], input=[21683,CL,"ENRIQUETA ""LA REPOMPA"",2,106,""EL CUARTON",8,CHURRIANA ,,,]
2025-03-31T11:23:53.965+02:00  WARN 14912 --- [practica52] [ taskExecutor-3] c.e.p.listener.SkipListenerConfig        : Error de lectura  en Parsing error at line: 221782 in resource=[file [C:\Users\6003351\Desktop\BackUps\practicas-p5Gonzalo\src\main\resources\tramos_calle_BarrioDismuniOneMillion.csv]], input=[37774,PL,"JUAN GOMEZ ""JUANITO"",2,10,""EL HIGUERAL ",7,CARRETERA DE CADIZ,,,]
2025-03-31T11:23:53.966+02:00  WARN 14912 --- [practica52] [ taskExecutor-3] c.e.p.listener.SkipListenerConfig        : Error de lectura  en Parsing error at line: 221844 in resource=[file [C:\Users\6003351\Desktop\BackUps\practicas-p5Gonzalo\src\main\resources\tramos_calle_BarrioDismuniOneMillion.csv]], input=[11985,PQUE,"JUAN ROSA ""EL PULGA"",2,2,""CIUDAD JARD?N ",3,CIUDAD JARDIN ,,,]
[...]
2025-03-31T11:24:15.010+02:00  WARN 14912 --- [practica52] [ taskExecutor-3] c.e.p.listener.SkipListenerConfig        : Error de lectura  en Parsing error at line: 964592 in resource=[file [C:\Users\6003351\Desktop\BackUps\practicas-p5Gonzalo\src\main\resources\tramos_calle_BarrioDismuniOneMillion.csv]], input=[21699,CL,"RAFAEL ""EL MORENO"",2,44,""EL CUARTON",8,CHURRIANA ,,,]
2025-03-31T11:24:15.015+02:00  WARN 14912 --- [practica52] [ taskExecutor-1] c.e.p.listener.SkipListenerConfig        : Error de lectura  en Parsing error at line: 964592 in resource=[file [C:\Users\6003351\Desktop\BackUps\practicas-p5Gonzalo\src\main\resources\tramos_calle_BarrioDismuniOneMillion.csv]], input=[21699,CL,"RAFAEL ""EL MORENO"",1,107,""EL CUARTON",8,CHURRIANA ,,,]
2025-03-31T11:24:15.073+02:00  WARN 14912 --- [practica52] [ taskExecutor-2] c.e.p.listener.SkipListenerConfig        : Error de lectura  en Parsing error at line: 967947 in resource=[file [C:\Users\6003351\Desktop\BackUps\practicas-p5Gonzalo\src\main\resources\tramos_calle_BarrioDismuniOneMillion.csv]], input=[5428,PL,"ANTONIO ASENSI ""EL CHICUELO"",2,2,""EL PALO ",2,ESTE,,,]
2025-03-31T11:24:15.074+02:00  WARN 14912 --- [practica52] [ taskExecutor-3] c.e.p.listener.SkipListenerConfig        : Error de lectura  en Parsing error at line: 967947 in resource=[file [C:\Users\6003351\Desktop\BackUps\practicas-p5Gonzalo\src\main\resources\tramos_calle_BarrioDismuniOneMillion.csv]], input=[5428,PL,"ANTONIO ASENSI ""EL CHICUELO"",1,3,""EL PALO ",2,ESTE,,,]
2025-03-31T11:24:15.154+02:00  WARN 14912 --- [practica52] [ taskExecutor-5] c.e.p.listener.SkipListenerConfig        : Error de lectura  en Parsing error at line: 971469 in resource=[file [C:\Users\6003351\Desktop\BackUps\practicas-p5Gonzalo\src\main\resources\tramos_calle_BarrioDismuniOneMillion.csv]], input=[21683,CL,"ENRIQUETA ""LA REPOMPA"",1,95,""EL CUARTON",8,CHURRIANA ,,,]
2025-03-31T11:24:15.156+02:00  WARN 14912 --- [practica52] [ taskExecutor-4] c.e.p.listener.SkipListenerConfig        : Error de lectura  en Parsing error at line: 971469 in resource=[file [C:\Users\6003351\Desktop\BackUps\practicas-p5Gonzalo\src\main\resources\tramos_calle_BarrioDismuniOneMillion.csv]], input=[21683,CL,"ENRIQUETA ""LA REPOMPA"",2,106,""EL CUARTON",8,CHURRIANA ,,,]
2025-03-31T11:24:15.197+02:00  WARN 14912 --- [practica52] [ taskExecutor-5] c.e.p.listener.SkipListenerConfig        : Error de lectura  en Parsing error at line: 973973 in resource=[file [C:\Users\6003351\Desktop\BackUps\practicas-p5Gonzalo\src\main\resources\tramos_calle_BarrioDismuniOneMillion.csv]], input=[37774,PL,"JUAN GOMEZ ""JUANITO"",2,10,""EL HIGUERAL ",7,CARRETERA DE CADIZ,,,]
2025-03-31T11:24:15.200+02:00  WARN 14912 --- [practica52] [ taskExecutor-3] c.e.p.listener.SkipListenerConfig        : Error de lectura  en Parsing error at line: 973973 in resource=[file [C:\Users\6003351\Desktop\BackUps\practicas-p5Gonzalo\src\main\resources\tramos_calle_BarrioDismuniOneMillion.csv]], input=[37774,PL,"JUAN GOMEZ ""JUANITO"",1,9,""EL HIGUERAL ",7,CARRETERA DE CADIZ,,,]
2025-03-31T11:24:15.200+02:00  WARN 14912 --- [practica52] [ taskExecutor-3] c.e.p.listener.SkipListenerConfig        : Error de lectura  en Parsing error at line: 974034 in resource=[file [C:\Users\6003351\Desktop\BackUps\practicas-p5Gonzalo\src\main\resources\tramos_calle_BarrioDismuniOneMillion.csv]], input=[11985,PQUE,"JUAN ROSA ""EL PULGA"",1,1,""CIUDAD JARD?N ",3,CIUDAD JARDIN ,,,]
2025-03-31T11:24:15.200+02:00  WARN 14912 --- [practica52] [ taskExecutor-3] c.e.p.listener.SkipListenerConfig        : Error de lectura  en Parsing error at line: 974035 in resource=[file [C:\Users\6003351\Desktop\BackUps\practicas-p5Gonzalo\src\main\resources\tramos_calle_BarrioDismuniOneMillion.csv]], input=[11985,PQUE,"JUAN ROSA ""EL PULGA"",2,2,""CIUDAD JARD?N ",3,CIUDAD JARDIN ,,,]
2025-03-31T11:24:15.211+02:00  WARN 14912 --- [practica52] [ taskExecutor-2] c.e.p.listener.SkipListenerConfig        : Error de lectura  en Parsing error at line: 974686 in resource=[file [C:\Users\6003351\Desktop\BackUps\practicas-p5Gonzalo\src\main\resources\tramos_calle_BarrioDismuniOneMillion.csv]], input=[39700,CL,"LEOPOLDO ALAS ""CLARIN"",2,10,""JARDIN DE LA ABADIA ",7,CARRETERA DE CADIZ,,,]
2025-03-31T11:24:15.219+02:00  WARN 14912 --- [practica52] [ taskExecutor-1] c.e.p.listener.SkipListenerConfig        : Error de lectura  en Parsing error at line: 974686 in resource=[file [C:\Users\6003351\Desktop\BackUps\practicas-p5Gonzalo\src\main\resources\tramos_calle_BarrioDismuniOneMillion.csv]], input=[39700,CL,"LEOPOLDO ALAS ""CLARIN"",1,9,""JARDIN DE LA ABADIA ",7,CARRETERA DE CADIZ,,,]
2025-03-31T11:24:15.292+02:00  WARN 14912 --- [practica52] [ taskExecutor-4] c.e.p.listener.SkipListenerConfig        : Error de lectura  en Parsing error at line: 978022 in resource=[file [C:\Users\6003351\Desktop\BackUps\practicas-p5Gonzalo\src\main\resources\tramos_calle_BarrioDismuniOneMillion.csv]], input=[21699,CL,"RAFAEL ""EL MORENO"",2,44,""EL CUARTON",8,CHURRIANA ,,,]
2025-03-31T11:24:15.292+02:00  WARN 14912 --- [practica52] [ taskExecutor-2] c.e.p.listener.SkipListenerConfig        : Error de lectura  en Parsing error at line: 978022 in resource=[file [C:\Users\6003351\Desktop\BackUps\practicas-p5Gonzalo\src\main\resources\tramos_calle_BarrioDismuniOneMillion.csv]], input=[21699,CL,"RAFAEL ""EL MORENO"",1,107,""EL CUARTON",8,CHURRIANA ,,,]
2025-03-31T11:24:15.364+02:00  WARN 14912 --- [practica52] [ taskExecutor-5] c.e.p.listener.SkipListenerConfig        : Error de lectura  en Parsing error at line: 981389 in resource=[file [C:\Users\6003351\Desktop\BackUps\practicas-p5Gonzalo\src\main\resources\tramos_calle_BarrioDismuniOneMillion.csv]], input=[5428,PL,"ANTONIO ASENSI ""EL CHICUELO"",2,2,""EL PALO ",2,ESTE,,,]
2025-03-31T11:24:15.367+02:00  WARN 14912 --- [practica52] [ taskExecutor-2] c.e.p.listener.SkipListenerConfig        : Error de lectura  en Parsing error at line: 981389 in resource=[file [C:\Users\6003351\Desktop\BackUps\practicas-p5Gonzalo\src\main\resources\tramos_calle_BarrioDismuniOneMillion.csv]], input=[5428,PL,"ANTONIO ASENSI ""EL CHICUELO"",1,3,""EL PALO ",2,ESTE,,,]
2025-03-31T11:24:15.438+02:00  WARN 14912 --- [practica52] [ taskExecutor-3] c.e.p.listener.SkipListenerConfig        : Error de lectura  en Parsing error at line: 984900 in resource=[file [C:\Users\6003351\Desktop\BackUps\practicas-p5Gonzalo\src\main\resources\tramos_calle_BarrioDismuniOneMillion.csv]], input=[21683,CL,"ENRIQUETA ""LA REPOMPA"",1,95,""EL CUARTON",8,CHURRIANA ,,,]
2025-03-31T11:24:15.438+02:00  WARN 14912 --- [practica52] [ taskExecutor-3] c.e.p.listener.SkipListenerConfig        : Error de lectura  en Parsing error at line: 984901 in resource=[file [C:\Users\6003351\Desktop\BackUps\practicas-p5Gonzalo\src\main\resources\tramos_calle_BarrioDismuniOneMillion.csv]], input=[21683,CL,"ENRIQUETA ""LA REPOMPA"",2,106,""EL CUARTON",8,CHURRIANA ,,,]
2025-03-31T11:24:15.649+02:00  WARN 14912 --- [practica52] [ taskExecutor-2] c.e.p.listener.SkipListenerConfig        : Error de lectura  en Parsing error at line: 987404 in resource=[file [C:\Users\6003351\Desktop\BackUps\practicas-p5Gonzalo\src\main\resources\tramos_calle_BarrioDismuniOneMillion.csv]], input=[37774,PL,"JUAN GOMEZ ""JUANITO"",1,9,""EL HIGUERAL ",7,CARRETERA DE CADIZ,,,]
2025-03-31T11:24:15.649+02:00  WARN 14912 --- [practica52] [ taskExecutor-2] c.e.p.listener.SkipListenerConfig        : Error de lectura  en Parsing error at line: 987405 in resource=[file [C:\Users\6003351\Desktop\BackUps\practicas-p5Gonzalo\src\main\resources\tramos_calle_BarrioDismuniOneMillion.csv]], input=[37774,PL,"JUAN GOMEZ ""JUANITO"",2,10,""EL HIGUERAL ",7,CARRETERA DE CADIZ,,,]
2025-03-31T11:24:15.649+02:00  WARN 14912 --- [practica52] [ taskExecutor-2] c.e.p.listener.SkipListenerConfig        : Error de lectura  en Parsing error at line: 987467 in resource=[file [C:\Users\6003351\Desktop\BackUps\practicas-p5Gonzalo\src\main\resources\tramos_calle_BarrioDismuniOneMillion.csv]], input=[11985,PQUE,"JUAN ROSA ""EL PULGA"",2,2,""CIUDAD JARD?N ",3,CIUDAD JARDIN ,,,]
2025-03-31T11:24:15.652+02:00  WARN 14912 --- [practica52] [ taskExecutor-5] c.e.p.listener.SkipListenerConfig        : Error de lectura  en Parsing error at line: 987467 in resource=[file [C:\Users\6003351\Desktop\BackUps\practicas-p5Gonzalo\src\main\resources\tramos_calle_BarrioDismuniOneMillion.csv]], input=[11985,PQUE,"JUAN ROSA ""EL PULGA"",1,1,""CIUDAD JARD?N ",3,CIUDAD JARDIN ,,,]
2025-03-31T11:24:15.668+02:00  WARN 14912 --- [practica52] [ taskExecutor-5] c.e.p.listener.SkipListenerConfig        : Error de lectura  en Parsing error at line: 988123 in resource=[file [C:\Users\6003351\Desktop\BackUps\practicas-p5Gonzalo\src\main\resources\tramos_calle_BarrioDismuniOneMillion.csv]], input=[39700,CL,"LEOPOLDO ALAS ""CLARIN"",1,9,""JARDIN DE LA ABADIA ",7,CARRETERA DE CADIZ,,,]
2025-03-31T11:24:15.670+02:00  WARN 14912 --- [practica52] [ taskExecutor-4] c.e.p.listener.SkipListenerConfig        : Error de lectura  en Parsing error at line: 988123 in resource=[file [C:\Users\6003351\Desktop\BackUps\practicas-p5Gonzalo\src\main\resources\tramos_calle_BarrioDismuniOneMillion.csv]], input=[39700,CL,"LEOPOLDO ALAS ""CLARIN"",2,10,""JARDIN DE LA ABADIA ",7,CARRETERA DE CADIZ,,,]
2025-03-31T11:24:15.754+02:00  WARN 14912 --- [practica52] [ taskExecutor-3] c.e.p.listener.SkipListenerConfig        : Error de lectura  en Parsing error at line: 991450 in resource=[file [C:\Users\6003351\Desktop\BackUps\practicas-p5Gonzalo\src\main\resources\tramos_calle_BarrioDismuniOneMillion.csv]], input=[21699,CL,"RAFAEL ""EL MORENO"",1,107,""EL CUARTON",8,CHURRIANA ,,,]
2025-03-31T11:24:15.754+02:00  WARN 14912 --- [practica52] [ taskExecutor-3] c.e.p.listener.SkipListenerConfig        : Error de lectura  en Parsing error at line: 991451 in resource=[file [C:\Users\6003351\Desktop\BackUps\practicas-p5Gonzalo\src\main\resources\tramos_calle_BarrioDismuniOneMillion.csv]], input=[21699,CL,"RAFAEL ""EL MORENO"",2,44,""EL CUARTON",8,CHURRIANA ,,,]
2025-03-31T11:24:15.833+02:00  WARN 14912 --- [practica52] [ taskExecutor-5] c.e.p.listener.SkipListenerConfig        : Error de lectura  en Parsing error at line: 994816 in resource=[file [C:\Users\6003351\Desktop\BackUps\practicas-p5Gonzalo\src\main\resources\tramos_calle_BarrioDismuniOneMillion.csv]], input=[5428,PL,"ANTONIO ASENSI ""EL CHICUELO"",2,2,""EL PALO ",2,ESTE,,,]
2025-03-31T11:24:15.841+02:00  WARN 14912 --- [practica52] [ taskExecutor-1] c.e.p.listener.SkipListenerConfig        : Error de lectura  en Parsing error at line: 994816 in resource=[file [C:\Users\6003351\Desktop\BackUps\practicas-p5Gonzalo\src\main\resources\tramos_calle_BarrioDismuniOneMillion.csv]], input=[5428,PL,"ANTONIO ASENSI ""EL CHICUELO"",1,3,""EL PALO ",2,ESTE,,,]
2025-03-31T11:24:15.921+02:00  WARN 14912 --- [practica52] [ taskExecutor-3] c.e.p.listener.SkipListenerConfig        : Error de lectura  en Parsing error at line: 998333 in resource=[file [C:\Users\6003351\Desktop\BackUps\practicas-p5Gonzalo\src\main\resources\tramos_calle_BarrioDismuniOneMillion.csv]], input=[21683,CL,"ENRIQUETA ""LA REPOMPA"",2,106,""EL CUARTON",8,CHURRIANA ,,,]
2025-03-31T11:24:15.923+02:00  WARN 14912 --- [practica52] [ taskExecutor-1] c.e.p.listener.SkipListenerConfig        : Error de lectura  en Parsing error at line: 998333 in resource=[file [C:\Users\6003351\Desktop\BackUps\practicas-p5Gonzalo\src\main\resources\tramos_calle_BarrioDismuniOneMillion.csv]], input=[21683,CL,"ENRIQUETA ""LA REPOMPA"",1,95,""EL CUARTON",8,CHURRIANA ,,,]
2025-03-31T11:24:15.983+02:00  WARN 14912 --- [practica52] [ taskExecutor-3] c.e.p.listener.SkipListenerConfig        : Error de lectura  en Parsing error at line: 1000842 in resource=[file [C:\Users\6003351\Desktop\BackUps\practicas-p5Gonzalo\src\main\resources\tramos_calle_BarrioDismuniOneMillion.csv]], input=[37774,PL,"JUAN GOMEZ ""JUANITO"",1,9,""EL HIGUERAL ",7,CARRETERA DE CADIZ,,,]
2025-03-31T11:24:15.984+02:00  WARN 14912 --- [practica52] [ taskExecutor-2] c.e.p.listener.SkipListenerConfig        : Error de lectura  en Parsing error at line: 1000842 in resource=[file [C:\Users\6003351\Desktop\BackUps\practicas-p5Gonzalo\src\main\resources\tramos_calle_BarrioDismuniOneMillion.csv]], input=[37774,PL,"JUAN GOMEZ ""JUANITO"",2,10,""EL HIGUERAL ",7,CARRETERA DE CADIZ,,,]
2025-03-31T11:24:15.984+02:00  WARN 14912 --- [practica52] [ taskExecutor-2] c.e.p.listener.SkipListenerConfig        : Error de lectura  en Parsing error at line: 1000903 in resource=[file [C:\Users\6003351\Desktop\BackUps\practicas-p5Gonzalo\src\main\resources\tramos_calle_BarrioDismuniOneMillion.csv]], input=[11985,PQUE,"JUAN ROSA ""EL PULGA"",2,2,""CIUDAD JARD?N ",3,CIUDAD JARDIN ,,,]
2025-03-31T11:24:15.984+02:00  WARN 14912 --- [practica52] [ taskExecutor-5] c.e.p.listener.SkipListenerConfig        : Error de lectura  en Parsing error at line: 1000903 in resource=[file [C:\Users\6003351\Desktop\BackUps\practicas-p5Gonzalo\src\main\resources\tramos_calle_BarrioDismuniOneMillion.csv]], input=[11985,PQUE,"JUAN ROSA ""EL PULGA"",1,1,""CIUDAD JARD?N ",3,CIUDAD JARDIN ,,,]
2025-03-31T11:24:16.002+02:00  WARN 14912 --- [practica52] [ taskExecutor-3] c.e.p.listener.SkipListenerConfig        : Error de lectura  en Parsing error at line: 1001555 in resource=[file [C:\Users\6003351\Desktop\BackUps\practicas-p5Gonzalo\src\main\resources\tramos_calle_BarrioDismuniOneMillion.csv]], input=[39700,CL,"LEOPOLDO ALAS ""CLARIN"",2,10,""JARDIN DE LA ABADIA ",7,CARRETERA DE CADIZ,,,]
2025-03-31T11:24:16.005+02:00  WARN 14912 --- [practica52] [ taskExecutor-2] c.e.p.listener.SkipListenerConfig        : Error de lectura  en Parsing error at line: 1001555 in resource=[file [C:\Users\6003351\Desktop\BackUps\practicas-p5Gonzalo\src\main\resources\tramos_calle_BarrioDismuniOneMillion.csv]], input=[39700,CL,"LEOPOLDO ALAS ""CLARIN"",1,9,""JARDIN DE LA ABADIA ",7,CARRETERA DE CADIZ,,,]
2025-03-31T11:24:16.063+02:00  WARN 14912 --- [practica52] [ taskExecutor-1] c.e.p.listener.SkipListenerConfig        : Error de lectura  en Parsing error at line: 1004883 in resource=[file [C:\Users\6003351\Desktop\BackUps\practicas-p5Gonzalo\src\main\resources\tramos_calle_BarrioDismuniOneMillion.csv]], input=[21699,CL,"RAFAEL ""EL MORENO"",1,107,""EL CUARTON",8,CHURRIANA ,,,]
2025-03-31T11:24:16.063+02:00  WARN 14912 --- [practica52] [ taskExecutor-3] c.e.p.listener.SkipListenerConfig        : Error de lectura  en Parsing error at line: 1004883 in resource=[file [C:\Users\6003351\Desktop\BackUps\practicas-p5Gonzalo\src\main\resources\tramos_calle_BarrioDismuniOneMillion.csv]], input=[21699,CL,"RAFAEL ""EL MORENO"",2,44,""EL CUARTON",8,CHURRIANA ,,,]
2025-03-31T11:24:16.133+02:00  WARN 14912 --- [practica52] [ taskExecutor-5] c.e.p.listener.SkipListenerConfig        : Error de lectura  en Parsing error at line: 1008243 in resource=[file [C:\Users\6003351\Desktop\BackUps\practicas-p5Gonzalo\src\main\resources\tramos_calle_BarrioDismuniOneMillion.csv]], input=[5428,PL,"ANTONIO ASENSI ""EL CHICUELO"",2,2,""EL PALO ",2,ESTE,,,]
2025-03-31T11:24:16.135+02:00  WARN 14912 --- [practica52] [ taskExecutor-3] c.e.p.listener.SkipListenerConfig        : Error de lectura  en Parsing error at line: 1008243 in resource=[file [C:\Users\6003351\Desktop\BackUps\practicas-p5Gonzalo\src\main\resources\tramos_calle_BarrioDismuniOneMillion.csv]], input=[5428,PL,"ANTONIO ASENSI ""EL CHICUELO"",1,3,""EL PALO ",2,ESTE,,,]
2025-03-31T11:24:16.203+02:00  WARN 14912 --- [practica52] [ taskExecutor-2] c.e.p.listener.SkipListenerConfig        : Error de lectura  en Parsing error at line: 1011767 in resource=[file [C:\Users\6003351\Desktop\BackUps\practicas-p5Gonzalo\src\main\resources\tramos_calle_BarrioDismuniOneMillion.csv]], input=[21683,CL,"ENRIQUETA ""LA REPOMPA"",2,106,""EL CUARTON",8,CHURRIANA ,,,]
2025-03-31T11:24:16.203+02:00  WARN 14912 --- [practica52] [ taskExecutor-5] c.e.p.listener.SkipListenerConfig        : Error de lectura  en Parsing error at line: 1011767 in resource=[file [C:\Users\6003351\Desktop\BackUps\practicas-p5Gonzalo\src\main\resources\tramos_calle_BarrioDismuniOneMillion.csv]], input=[21683,CL,"ENRIQUETA ""LA REPOMPA"",1,95,""EL CUARTON",8,CHURRIANA ,,,]
2025-03-31T11:24:16.255+02:00  WARN 14912 --- [practica52] [ taskExecutor-1] c.e.p.listener.SkipListenerConfig        : Error de lectura  en Parsing error at line: 1014279 in resource=[file [C:\Users\6003351\Desktop\BackUps\practicas-p5Gonzalo\src\main\resources\tramos_calle_BarrioDismuniOneMillion.csv]], input=[37774,PL,"JUAN GOMEZ ""JUANITO"",2,10,""EL HIGUERAL ",7,CARRETERA DE CADIZ,,,]
2025-03-31T11:24:16.256+02:00  WARN 14912 --- [practica52] [ taskExecutor-2] c.e.p.listener.SkipListenerConfig        : Error de lectura  en Parsing error at line: 1014335 in resource=[file [C:\Users\6003351\Desktop\BackUps\practicas-p5Gonzalo\src\main\resources\tramos_calle_BarrioDismuniOneMillion.csv]], input=[11985,PQUE,"JUAN ROSA ""EL PULGA"",2,2,""CIUDAD JARD?N ",3,CIUDAD JARDIN ,,,]
2025-03-31T11:24:16.257+02:00  WARN 14912 --- [practica52] [ taskExecutor-3] c.e.p.listener.SkipListenerConfig        : Error de lectura  en Parsing error at line: 1014279 in resource=[file [C:\Users\6003351\Desktop\BackUps\practicas-p5Gonzalo\src\main\resources\tramos_calle_BarrioDismuniOneMillion.csv]], input=[37774,PL,"JUAN GOMEZ ""JUANITO"",1,9,""EL HIGUERAL ",7,CARRETERA DE CADIZ,,,]
2025-03-31T11:24:16.257+02:00  WARN 14912 --- [practica52] [ taskExecutor-3] c.e.p.listener.SkipListenerConfig        : Error de lectura  en Parsing error at line: 1014334 in resource=[file [C:\Users\6003351\Desktop\BackUps\practicas-p5Gonzalo\src\main\resources\tramos_calle_BarrioDismuniOneMillion.csv]], input=[11985,PQUE,"JUAN ROSA ""EL PULGA"",1,1,""CIUDAD JARD?N ",3,CIUDAD JARDIN ,,,]
2025-03-31T11:24:16.271+02:00  WARN 14912 --- [practica52] [ taskExecutor-3] c.e.p.listener.SkipListenerConfig        : Error de lectura  en Parsing error at line: 1014987 in resource=[file [C:\Users\6003351\Desktop\BackUps\practicas-p5Gonzalo\src\main\resources\tramos_calle_BarrioDismuniOneMillion.csv]], input=[39700,CL,"LEOPOLDO ALAS ""CLARIN"",1,9,""JARDIN DE LA ABADIA ",7,CARRETERA DE CADIZ,,,]
2025-03-31T11:24:16.274+02:00  WARN 14912 --- [practica52] [ taskExecutor-1] c.e.p.listener.SkipListenerConfig        : Error de lectura  en Parsing error at line: 1014987 in resource=[file [C:\Users\6003351\Desktop\BackUps\practicas-p5Gonzalo\src\main\resources\tramos_calle_BarrioDismuniOneMillion.csv]], input=[39700,CL,"LEOPOLDO ALAS ""CLARIN"",2,10,""JARDIN DE LA ABADIA ",7,CARRETERA DE CADIZ,,,]
2025-03-31T11:24:16.370+02:00  WARN 14912 --- [practica52] [ taskExecutor-1] c.e.p.listener.SkipListenerConfig        : Error de lectura  en Parsing error at line: 1018315 in resource=[file [C:\Users\6003351\Desktop\BackUps\practicas-p5Gonzalo\src\main\resources\tramos_calle_BarrioDismuniOneMillion.csv]], input=[21699,CL,"RAFAEL ""EL MORENO"",2,44,""EL CUARTON",8,CHURRIANA ,,,]
2025-03-31T11:24:16.371+02:00  WARN 14912 --- [practica52] [ taskExecutor-4] c.e.p.listener.SkipListenerConfig        : Error de lectura  en Parsing error at line: 1018315 in resource=[file [C:\Users\6003351\Desktop\BackUps\practicas-p5Gonzalo\src\main\resources\tramos_calle_BarrioDismuniOneMillion.csv]], input=[21699,CL,"RAFAEL ""EL MORENO"",1,107,""EL CUARTON",8,CHURRIANA ,,,]
2025-03-31T11:24:16.421+02:00  INFO 14912 --- [practica52] [           main] o.s.batch.core.step.AbstractStep         : Step: [calleStep] executed in 33s311ms
2025-03-31T11:24:16.423+02:00  INFO 14912 --- [practica52] [           main] o.s.b.c.l.s.TaskExecutorJobLauncher      : Job: [SimpleJob: [name=copiarMillonCalleJob]] completed with the following parameters: [{'hora: ':'{value=41023092982700, type=class java.lang.Long, identifying=true}'}] and the following status: [COMPLETED] in 33s317ms
]]></system-out>
  </testcase>
</testsuite>