<?xml version="1.0" encoding="UTF-8"?>
<testsuite xmlns:xsi="http://www.w3.org/2001/XMLSchema-instance" xsi:noNamespaceSchemaLocation="https://maven.apache.org/surefire/maven-surefire-plugin/xsd/surefire-test-report.xsd" version="3.0.2" name="com.viewnext.Practica62Kafka.producer.StringProducerTest" time="0.093" tests="1" errors="0" skipped="0" failures="0">
  <properties>
[...]
</properties>
  <testcase name="stringProducer_testProduceString_shouldProduceMessageString" classname="com.viewnext.Practica62Kafka.producer.StringProducerTest" time="0.084">
    <system-out><![CDATA[2025-05-13T11:17:53.314+02:00  INFO 31980 --- [Practica62Kafka] [           main] c.v.P.producer.StringProducer            : Se esta PRODUCIENDO el STRING: Esto es mensaje de testeo para String Producer
]]></system-out>
  </testcase>
</testsuite>